This file contains any messages produced by compilers while
running configure, to aid debugging if configure makes a mistake.

It was created by Iperf configure 2.0.9, which was
generated by GNU Autoconf 2.69.  Invocation command line was

  $ ./configure 

## --------- ##
## Platform. ##
## --------- ##

hostname = sigs-amax
uname -m = x86_64
uname -r = 4.19.112-0062
uname -s = Linux
uname -v = #1 SMP Sat Jan 22 11:07:43 EST 2022

/usr/bin/uname -p = x86_64
/bin/uname -X     = unknown

/bin/arch              = x86_64
/usr/bin/arch -k       = unknown
/usr/convex/getsysinfo = unknown
/usr/bin/hostinfo      = unknown
/bin/machine           = unknown
/usr/bin/oslevel       = unknown
/bin/universe          = unknown

PATH: /home/zhangbochun/bin
PATH: /home/zhangbochun/tools/apache-tomcat-10.1.17/bin
PATH: /home/zhangbochun/anaconda3/condabin
PATH: /home/zhangbochun/anaconda3/bin
PATH: /usr/local/sbin
PATH: /usr/local/bin
PATH: /usr/sbin
PATH: /usr/bin
PATH: /sbin
PATH: /bin
PATH: /usr/games
PATH: /usr/local/games
PATH: /snap/bin
PATH: /home/zhangbochun/bin


## ----------- ##
## Core tests. ##
## ----------- ##

configure:2609: checking for a BSD-compatible install
configure:2677: result: /usr/bin/install -c
configure:2688: checking whether build environment is sane
configure:2743: result: yes
configure:2892: checking for a thread-safe mkdir -p
configure:2931: result: /usr/bin/mkdir -p
configure:2938: checking for gawk
configure:2954: found /usr/bin/gawk
configure:2965: result: gawk
configure:2976: checking whether make sets $(MAKE)
configure:2998: result: yes
configure:3027: checking whether make supports nested variables
configure:3044: result: yes
configure:3130: checking whether to enable maintainer-specific portions of Makefiles
configure:3139: result: no
configure:3285: checking for g++
configure:3301: found /usr/bin/g++
configure:3312: result: g++
configure:3339: checking for C++ compiler version
configure:3348: g++ --version >&5
g++ (Ubuntu 7.5.0-6ubuntu2) 7.5.0
Copyright (C) 2017 Free Software Foundation, Inc.
This is free software; see the source for copying conditions.  There is NO
warranty; not even for MERCHANTABILITY or FITNESS FOR A PARTICULAR PURPOSE.

configure:3359: $? = 0
configure:3348: g++ -v >&5
Using built-in specs.
COLLECT_GCC=g++
COLLECT_LTO_WRAPPER=/usr/lib/gcc/x86_64-linux-gnu/7/lto-wrapper
OFFLOAD_TARGET_NAMES=nvptx-none
OFFLOAD_TARGET_DEFAULT=1
Target: x86_64-linux-gnu
Configured with: ../src/configure -v --with-pkgversion='Ubuntu 7.5.0-6ubuntu2' --with-bugurl=file:///usr/share/doc/gcc-7/README.Bugs --enable-languages=c,ada,c++,go,brig,d,fortran,objc,obj-c++ --prefix=/usr --with-gcc-major-version-only --program-suffix=-7 --program-prefix=x86_64-linux-gnu- --enable-shared --enable-linker-build-id --libexecdir=/usr/lib --without-included-gettext --enable-threads=posix --libdir=/usr/lib --enable-nls --enable-bootstrap --enable-clocale=gnu --enable-libstdcxx-debug --enable-libstdcxx-time=yes --with-default-libstdcxx-abi=new --enable-gnu-unique-object --disable-vtable-verify --enable-libmpx --enable-plugin --enable-default-pie --with-system-zlib --with-target-system-zlib --enable-objc-gc=auto --enable-multiarch --disable-werror --with-arch-32=i686 --with-abi=m64 --with-multilib-list=m32,m64,mx32 --enable-multilib --with-tune=generic --enable-offload-targets=nvptx-none --without-cuda-driver --enable-checking=release --build=x86_64-linux-gnu --host=x86_64-linux-gnu --target=x86_64-linux-gnu
Thread model: posix
gcc version 7.5.0 (Ubuntu 7.5.0-6ubuntu2) 
configure:3359: $? = 0
configure:3348: g++ -V >&5
g++: error: unrecognized command line option '-V'
g++: fatal error: no input files
compilation terminated.
configure:3359: $? = 1
configure:3348: g++ -qversion >&5
g++: error: unrecognized command line option '-qversion'; did you mean '--version'?
g++: fatal error: no input files
compilation terminated.
configure:3359: $? = 1
configure:3379: checking whether the C++ compiler works
configure:3401: g++    conftest.cpp  >&5
configure:3405: $? = 0
configure:3453: result: yes
configure:3456: checking for C++ compiler default output file name
configure:3458: result: a.out
configure:3464: checking for suffix of executables
configure:3471: g++ -o conftest    conftest.cpp  >&5
configure:3475: $? = 0
configure:3497: result: 
configure:3519: checking whether we are cross compiling
configure:3527: g++ -o conftest    conftest.cpp  >&5
configure:3531: $? = 0
configure:3538: ./conftest
configure:3542: $? = 0
configure:3530: result: no
configure:3535: checking for suffix of object files
configure:3557: g++ -c   conftest.cpp >&5
configure:3561: $? = 0
configure:3582: result: o
configure:3586: checking whether we are using the GNU C++ compiler
configure:3605: g++ -c   conftest.cpp >&5
configure:3605: $? = 0
configure:3614: result: yes
configure:3623: checking whether g++ accepts -g
configure:3643: g++ -c -g  conftest.cpp >&5
configure:3643: $? = 0
configure:3684: result: yes
configure:3718: checking for style of include used by make
configure:3746: result: GNU
configure:3772: checking dependency style of g++
configure:3883: result: gcc3
configure:3947: checking for gcc
configure:3963: found /usr/bin/gcc
configure:3974: result: gcc
configure:4203: checking for C compiler version
configure:4212: gcc --version >&5
gcc (Ubuntu 7.5.0-6ubuntu2) 7.5.0
Copyright (C) 2017 Free Software Foundation, Inc.
This is free software; see the source for copying conditions.  There is NO
warranty; not even for MERCHANTABILITY or FITNESS FOR A PARTICULAR PURPOSE.

configure:4223: $? = 0
configure:4212: gcc -v >&5
Using built-in specs.
COLLECT_GCC=gcc
COLLECT_LTO_WRAPPER=/usr/lib/gcc/x86_64-linux-gnu/7/lto-wrapper
OFFLOAD_TARGET_NAMES=nvptx-none
OFFLOAD_TARGET_DEFAULT=1
Target: x86_64-linux-gnu
Configured with: ../src/configure -v --with-pkgversion='Ubuntu 7.5.0-6ubuntu2' --with-bugurl=file:///usr/share/doc/gcc-7/README.Bugs --enable-languages=c,ada,c++,go,brig,d,fortran,objc,obj-c++ --prefix=/usr --with-gcc-major-version-only --program-suffix=-7 --program-prefix=x86_64-linux-gnu- --enable-shared --enable-linker-build-id --libexecdir=/usr/lib --without-included-gettext --enable-threads=posix --libdir=/usr/lib --enable-nls --enable-bootstrap --enable-clocale=gnu --enable-libstdcxx-debug --enable-libstdcxx-time=yes --with-default-libstdcxx-abi=new --enable-gnu-unique-object --disable-vtable-verify --enable-libmpx --enable-plugin --enable-default-pie --with-system-zlib --with-target-system-zlib --enable-objc-gc=auto --enable-multiarch --disable-werror --with-arch-32=i686 --with-abi=m64 --with-multilib-list=m32,m64,mx32 --enable-multilib --with-tune=generic --enable-offload-targets=nvptx-none --without-cuda-driver --enable-checking=release --build=x86_64-linux-gnu --host=x86_64-linux-gnu --target=x86_64-linux-gnu
Thread model: posix
gcc version 7.5.0 (Ubuntu 7.5.0-6ubuntu2) 
configure:4223: $? = 0
configure:4212: gcc -V >&5
gcc: error: unrecognized command line option '-V'
gcc: fatal error: no input files
compilation terminated.
configure:4223: $? = 1
configure:4212: gcc -qversion >&5
gcc: error: unrecognized command line option '-qversion'; did you mean '--version'?
gcc: fatal error: no input files
compilation terminated.
configure:4223: $? = 1
configure:4227: checking whether we are using the GNU C compiler
configure:4246: gcc -c   conftest.c >&5
configure:4246: $? = 0
configure:4255: result: yes
configure:4264: checking whether gcc accepts -g
configure:4284: gcc -c -g  conftest.c >&5
configure:4284: $? = 0
configure:4325: result: yes
configure:4342: checking for gcc option to accept ISO C89
configure:4405: gcc  -c -g -O2  conftest.c >&5
configure:4405: $? = 0
configure:4418: result: none needed
configure:4440: checking dependency style of gcc
configure:4551: result: gcc3
configure:4568: checking for library containing strerror
configure:4599: gcc -o conftest  -O2    conftest.c  >&5
configure:4599: $? = 0
configure:4616: result: none required
configure:4625: checking whether make sets $(MAKE)
configure:4647: result: yes
configure:4699: checking for ranlib
configure:4715: found /usr/bin/ranlib
configure:4726: result: ranlib
configure:4758: checking build system type
configure:4772: result: x86_64-unknown-linux-gnu
configure:4792: checking host system type
configure:4805: result: x86_64-unknown-linux-gnu
configure:4826: checking for clock_gettime in -lrt
configure:4851: gcc -o conftest  -O2    conftest.c -lrt   >&5
configure:4851: $? = 0
configure:4860: result: yes
configure:5038: checking for the pthreads library -lpthreads
configure:5071: gcc -o conftest  -O2     conftest.c -lpthreads -lrt  >&5
conftest.c: In function 'main':
conftest.c:17:22: warning: null argument where non-null required (argument 1) [-Wnonnull]
                      pthread_attr_init(0); pthread_cleanup_push(0, 0);
                      ^~~~~~~~~~~~~~~~~
conftest.c:18:22: warning: null argument where non-null required (argument 1) [-Wnonnull]
                      pthread_create(0,0,0,0); pthread_cleanup_pop(0);
                      ^~~~~~~~~~~~~~
conftest.c:18:22: warning: null argument where non-null required (argument 3) [-Wnonnull]
/usr/bin/ld: cannot find -lpthreads
collect2: error: ld returned 1 exit status
configure:5071: $? = 1
configure: failed program was:
| /* confdefs.h */
| #define PACKAGE_NAME "Iperf"
| #define PACKAGE_TARNAME "iperf"
| #define PACKAGE_VERSION "2.0.9"
| #define PACKAGE_STRING "Iperf 2.0.9"
| #define PACKAGE_BUGREPORT ""
| #define PACKAGE_URL ""
| #define PACKAGE "iperf"
| #define VERSION "2.0.9"
| #define HAVE_LIBRT 1
| /* end confdefs.h.  */
| #include <pthread.h>
| int
| main ()
| {
| pthread_t th; pthread_join(th, 0);
|                      pthread_attr_init(0); pthread_cleanup_push(0, 0);
|                      pthread_create(0,0,0,0); pthread_cleanup_pop(0);
|   ;
|   return 0;
| }
configure:5080: result: no
configure:4983: checking whether pthreads work without any flags
configure:5071: gcc -o conftest  -O2     conftest.c  -lrt  >&5
conftest.c: In function 'main':
conftest.c:17:22: warning: null argument where non-null required (argument 1) [-Wnonnull]
                      pthread_attr_init(0); pthread_cleanup_push(0, 0);
                      ^~~~~~~~~~~~~~~~~
conftest.c:18:22: warning: null argument where non-null required (argument 1) [-Wnonnull]
                      pthread_create(0,0,0,0); pthread_cleanup_pop(0);
                      ^~~~~~~~~~~~~~
conftest.c:18:22: warning: null argument where non-null required (argument 3) [-Wnonnull]
/usr/bin/ld: /tmp/ccK8RpeK.o: in function `main':
conftest.c:(.text.startup+0x1a): undefined reference to `pthread_join'
/usr/bin/ld: conftest.c:(.text.startup+0x3a): undefined reference to `__pthread_register_cancel'
/usr/bin/ld: conftest.c:(.text.startup+0x47): undefined reference to `pthread_create'
/usr/bin/ld: conftest.c:(.text.startup+0x4f): undefined reference to `__pthread_unregister_cancel'
collect2: error: ld returned 1 exit status
configure:5071: $? = 1
configure: failed program was:
| /* confdefs.h */
| #define PACKAGE_NAME "Iperf"
| #define PACKAGE_TARNAME "iperf"
| #define PACKAGE_VERSION "2.0.9"
| #define PACKAGE_STRING "Iperf 2.0.9"
| #define PACKAGE_BUGREPORT ""
| #define PACKAGE_URL ""
| #define PACKAGE "iperf"
| #define VERSION "2.0.9"
| #define HAVE_LIBRT 1
| /* end confdefs.h.  */
| #include <pthread.h>
| int
| main ()
| {
| pthread_t th; pthread_join(th, 0);
|                      pthread_attr_init(0); pthread_cleanup_push(0, 0);
|                      pthread_create(0,0,0,0); pthread_cleanup_pop(0);
|   ;
|   return 0;
| }
configure:5080: result: no
configure:4988: checking whether pthreads work with -Kthread
configure:5071: gcc -o conftest  -O2  -Kthread   conftest.c  -lrt  >&5
gcc: error: unrecognized command line option '-Kthread'; did you mean '-pthread'?
configure:5071: $? = 1
configure: failed program was:
| /* confdefs.h */
| #define PACKAGE_NAME "Iperf"
| #define PACKAGE_TARNAME "iperf"
| #define PACKAGE_VERSION "2.0.9"
| #define PACKAGE_STRING "Iperf 2.0.9"
| #define PACKAGE_BUGREPORT ""
| #define PACKAGE_URL ""
| #define PACKAGE "iperf"
| #define VERSION "2.0.9"
| #define HAVE_LIBRT 1
| /* end confdefs.h.  */
| #include <pthread.h>
| int
| main ()
| {
| pthread_t th; pthread_join(th, 0);
|                      pthread_attr_init(0); pthread_cleanup_push(0, 0);
|                      pthread_create(0,0,0,0); pthread_cleanup_pop(0);
|   ;
|   return 0;
| }
configure:5080: result: no
configure:4988: checking whether pthreads work with -kthread
configure:5071: gcc -o conftest  -O2  -kthread   conftest.c  -lrt  >&5
gcc: error: unrecognized command line option '-kthread'; did you mean '-pthread'?
configure:5071: $? = 1
configure: failed program was:
| /* confdefs.h */
| #define PACKAGE_NAME "Iperf"
| #define PACKAGE_TARNAME "iperf"
| #define PACKAGE_VERSION "2.0.9"
| #define PACKAGE_STRING "Iperf 2.0.9"
| #define PACKAGE_BUGREPORT ""
| #define PACKAGE_URL ""
| #define PACKAGE "iperf"
| #define VERSION "2.0.9"
| #define HAVE_LIBRT 1
| /* end confdefs.h.  */
| #include <pthread.h>
| int
| main ()
| {
| pthread_t th; pthread_join(th, 0);
|                      pthread_attr_init(0); pthread_cleanup_push(0, 0);
|                      pthread_create(0,0,0,0); pthread_cleanup_pop(0);
|   ;
|   return 0;
| }
configure:5080: result: no
configure:5038: checking for the pthreads library -llthread
configure:5071: gcc -o conftest  -O2     conftest.c -llthread -lrt  >&5
conftest.c: In function 'main':
conftest.c:17:22: warning: null argument where non-null required (argument 1) [-Wnonnull]
                      pthread_attr_init(0); pthread_cleanup_push(0, 0);
                      ^~~~~~~~~~~~~~~~~
conftest.c:18:22: warning: null argument where non-null required (argument 1) [-Wnonnull]
                      pthread_create(0,0,0,0); pthread_cleanup_pop(0);
                      ^~~~~~~~~~~~~~
conftest.c:18:22: warning: null argument where non-null required (argument 3) [-Wnonnull]
/usr/bin/ld: cannot find -llthread
collect2: error: ld returned 1 exit status
configure:5071: $? = 1
configure: failed program was:
| /* confdefs.h */
| #define PACKAGE_NAME "Iperf"
| #define PACKAGE_TARNAME "iperf"
| #define PACKAGE_VERSION "2.0.9"
| #define PACKAGE_STRING "Iperf 2.0.9"
| #define PACKAGE_BUGREPORT ""
| #define PACKAGE_URL ""
| #define PACKAGE "iperf"
| #define VERSION "2.0.9"
| #define HAVE_LIBRT 1
| /* end confdefs.h.  */
| #include <pthread.h>
| int
| main ()
| {
| pthread_t th; pthread_join(th, 0);
|                      pthread_attr_init(0); pthread_cleanup_push(0, 0);
|                      pthread_create(0,0,0,0); pthread_cleanup_pop(0);
|   ;
|   return 0;
| }
configure:5080: result: no
configure:4988: checking whether pthreads work with -pthread
configure:5071: gcc -o conftest  -O2  -pthread   conftest.c  -lrt  >&5
conftest.c: In function 'main':
conftest.c:17:22: warning: null argument where non-null required (argument 1) [-Wnonnull]
                      pthread_attr_init(0); pthread_cleanup_push(0, 0);
                      ^~~~~~~~~~~~~~~~~
conftest.c:18:22: warning: null argument where non-null required (argument 1) [-Wnonnull]
                      pthread_create(0,0,0,0); pthread_cleanup_pop(0);
                      ^~~~~~~~~~~~~~
conftest.c:18:22: warning: null argument where non-null required (argument 3) [-Wnonnull]
configure:5071: $? = 0
configure:5080: result: yes
configure:5100: checking for joinable pthread attribute
configure:5113: gcc -o conftest  -O2  -pthread   conftest.c  -lrt  >&5
configure:5113: $? = 0
configure:5145: result: PTHREAD_CREATE_JOINABLE
configure:5152: checking if more special flags are required for pthreads
configure:5159: result: no
configure:5171: checking for cc_r
configure:5199: result: gcc
configure:5240: checking for library containing gethostbyname
configure:5271: gcc -o conftest  -O2    conftest.c -lrt  >&5
configure:5271: $? = 0
configure:5288: result: none required
configure:5296: checking for library containing socket
configure:5327: gcc -o conftest  -O2    conftest.c -lrt  >&5
configure:5327: $? = 0
configure:5344: result: none required
configure:5374: checking how to run the C preprocessor
configure:5405: gcc -E  conftest.c
configure:5405: $? = 0
configure:5419: gcc -E  conftest.c
conftest.c:15:10: fatal error: ac_nonexistent.h: No such file or directory
 #include <ac_nonexistent.h>
          ^~~~~~~~~~~~~~~~~~
compilation terminated.
configure:5419: $? = 1
configure: failed program was:
| /* confdefs.h */
| #define PACKAGE_NAME "Iperf"
| #define PACKAGE_TARNAME "iperf"
| #define PACKAGE_VERSION "2.0.9"
| #define PACKAGE_STRING "Iperf 2.0.9"
| #define PACKAGE_BUGREPORT ""
| #define PACKAGE_URL ""
| #define PACKAGE "iperf"
| #define VERSION "2.0.9"
| #define HAVE_LIBRT 1
| #define HAVE_PTHREAD 1
| #define HAVE_POSIX_THREAD 1
| #define _REENTRANT 1
| /* end confdefs.h.  */
| #include <ac_nonexistent.h>
configure:5444: result: gcc -E
configure:5464: gcc -E  conftest.c
configure:5464: $? = 0
configure:5478: gcc -E  conftest.c
conftest.c:15:10: fatal error: ac_nonexistent.h: No such file or directory
 #include <ac_nonexistent.h>
          ^~~~~~~~~~~~~~~~~~
compilation terminated.
configure:5478: $? = 1
configure: failed program was:
| /* confdefs.h */
| #define PACKAGE_NAME "Iperf"
| #define PACKAGE_TARNAME "iperf"
| #define PACKAGE_VERSION "2.0.9"
| #define PACKAGE_STRING "Iperf 2.0.9"
| #define PACKAGE_BUGREPORT ""
| #define PACKAGE_URL ""
| #define PACKAGE "iperf"
| #define VERSION "2.0.9"
| #define HAVE_LIBRT 1
| #define HAVE_PTHREAD 1
| #define HAVE_POSIX_THREAD 1
| #define _REENTRANT 1
| /* end confdefs.h.  */
| #include <ac_nonexistent.h>
configure:5507: checking for grep that handles long lines and -e
configure:5565: result: /usr/bin/grep
configure:5570: checking for egrep
configure:5632: result: /usr/bin/grep -E
configure:5637: checking for ANSI C header files
configure:5657: gcc -c  -O2   conftest.c >&5
configure:5657: $? = 0
configure:5730: gcc -o conftest  -O2    conftest.c -lrt  >&5
configure:5730: $? = 0
configure:5730: ./conftest
configure:5730: $? = 0
configure:5741: result: yes
configure:5754: checking for sys/types.h
configure:5754: gcc -c  -O2   conftest.c >&5
configure:5754: $? = 0
configure:5754: result: yes
configure:5754: checking for sys/stat.h
configure:5754: gcc -c  -O2   conftest.c >&5
configure:5754: $? = 0
configure:5754: result: yes
configure:5754: checking for stdlib.h
configure:5754: gcc -c  -O2   conftest.c >&5
configure:5754: $? = 0
configure:5754: result: yes
configure:5754: checking for string.h
configure:5754: gcc -c  -O2   conftest.c >&5
configure:5754: $? = 0
configure:5754: result: yes
configure:5754: checking for memory.h
configure:5754: gcc -c  -O2   conftest.c >&5
configure:5754: $? = 0
configure:5754: result: yes
configure:5754: checking for strings.h
configure:5754: gcc -c  -O2   conftest.c >&5
configure:5754: $? = 0
configure:5754: result: yes
configure:5754: checking for inttypes.h
configure:5754: gcc -c  -O2   conftest.c >&5
configure:5754: $? = 0
configure:5754: result: yes
configure:5754: checking for stdint.h
configure:5754: gcc -c  -O2   conftest.c >&5
configure:5754: $? = 0
configure:5754: result: yes
configure:5754: checking for unistd.h
configure:5754: gcc -c  -O2   conftest.c >&5
configure:5754: $? = 0
configure:5754: result: yes
configure:5769: checking arpa/inet.h usability
configure:5769: gcc -c  -O2   conftest.c >&5
configure:5769: $? = 0
configure:5769: result: yes
configure:5769: checking arpa/inet.h presence
configure:5769: gcc -E  conftest.c
configure:5769: $? = 0
configure:5769: result: yes
configure:5769: checking for arpa/inet.h
configure:5769: result: yes
configure:5769: checking libintl.h usability
configure:5769: gcc -c  -O2   conftest.c >&5
configure:5769: $? = 0
configure:5769: result: yes
configure:5769: checking libintl.h presence
configure:5769: gcc -E  conftest.c
configure:5769: $? = 0
configure:5769: result: yes
configure:5769: checking for libintl.h
configure:5769: result: yes
configure:5769: checking netdb.h usability
configure:5769: gcc -c  -O2   conftest.c >&5
configure:5769: $? = 0
configure:5769: result: yes
configure:5769: checking netdb.h presence
configure:5769: gcc -E  conftest.c
configure:5769: $? = 0
configure:5769: result: yes
configure:5769: checking for netdb.h
configure:5769: result: yes
configure:5769: checking netinet/in.h usability
configure:5769: gcc -c  -O2   conftest.c >&5
configure:5769: $? = 0
configure:5769: result: yes
configure:5769: checking netinet/in.h presence
configure:5769: gcc -E  conftest.c
configure:5769: $? = 0
configure:5769: result: yes
configure:5769: checking for netinet/in.h
configure:5769: result: yes
configure:5769: checking for stdlib.h
configure:5769: result: yes
configure:5769: checking for string.h
configure:5769: result: yes
configure:5769: checking for strings.h
configure:5769: result: yes
configure:5769: checking sys/socket.h usability
configure:5769: gcc -c  -O2   conftest.c >&5
configure:5769: $? = 0
configure:5769: result: yes
configure:5769: checking sys/socket.h presence
configure:5769: gcc -E  conftest.c
configure:5769: $? = 0
configure:5769: result: yes
configure:5769: checking for sys/socket.h
configure:5769: result: yes
configure:5769: checking sys/time.h usability
configure:5769: gcc -c  -O2   conftest.c >&5
configure:5769: $? = 0
configure:5769: result: yes
configure:5769: checking sys/time.h presence
configure:5769: gcc -E  conftest.c
configure:5769: $? = 0
configure:5769: result: yes
configure:5769: checking for sys/time.h
configure:5769: result: yes
configure:5769: checking syslog.h usability
configure:5769: gcc -c  -O2   conftest.c >&5
configure:5769: $? = 0
configure:5769: result: yes
configure:5769: checking syslog.h presence
configure:5769: gcc -E  conftest.c
configure:5769: $? = 0
configure:5769: result: yes
configure:5769: checking for syslog.h
configure:5769: result: yes
configure:5769: checking for unistd.h
configure:5769: result: yes
configure:5769: checking signal.h usability
configure:5769: gcc -c  -O2   conftest.c >&5
configure:5769: $? = 0
configure:5769: result: yes
configure:5769: checking signal.h presence
configure:5769: gcc -E  conftest.c
configure:5769: $? = 0
configure:5769: result: yes
configure:5769: checking for signal.h
configure:5769: result: yes
configure:5781: checking for an ANSI C-conforming const
configure:5847: gcc -c  -O2   conftest.c >&5
configure:5847: $? = 0
configure:5854: result: yes
configure:5862: checking for size_t
configure:5862: gcc -c  -O2   conftest.c >&5
configure:5862: $? = 0
configure:5862: gcc -c  -O2   conftest.c >&5
conftest.c: In function 'main':
conftest.c:73:21: error: expected expression before ')' token
 if (sizeof ((size_t)))
                     ^
configure:5862: $? = 1
configure: failed program was:
| /* confdefs.h */
| #define PACKAGE_NAME "Iperf"
| #define PACKAGE_TARNAME "iperf"
| #define PACKAGE_VERSION "2.0.9"
| #define PACKAGE_STRING "Iperf 2.0.9"
| #define PACKAGE_BUGREPORT ""
| #define PACKAGE_URL ""
| #define PACKAGE "iperf"
| #define VERSION "2.0.9"
| #define HAVE_LIBRT 1
| #define HAVE_PTHREAD 1
| #define HAVE_POSIX_THREAD 1
| #define _REENTRANT 1
| #define STDC_HEADERS 1
| #define HAVE_SYS_TYPES_H 1
| #define HAVE_SYS_STAT_H 1
| #define HAVE_STDLIB_H 1
| #define HAVE_STRING_H 1
| #define HAVE_MEMORY_H 1
| #define HAVE_STRINGS_H 1
| #define HAVE_INTTYPES_H 1
| #define HAVE_STDINT_H 1
| #define HAVE_UNISTD_H 1
| #define HAVE_ARPA_INET_H 1
| #define HAVE_LIBINTL_H 1
| #define HAVE_NETDB_H 1
| #define HAVE_NETINET_IN_H 1
| #define HAVE_STDLIB_H 1
| #define HAVE_STRING_H 1
| #define HAVE_STRINGS_H 1
| #define HAVE_SYS_SOCKET_H 1
| #define HAVE_SYS_TIME_H 1
| #define HAVE_SYSLOG_H 1
| #define HAVE_UNISTD_H 1
| #define HAVE_SIGNAL_H 1
| /* end confdefs.h.  */
| #include <stdio.h>
| #ifdef HAVE_SYS_TYPES_H
| # include <sys/types.h>
| #endif
| #ifdef HAVE_SYS_STAT_H
| # include <sys/stat.h>
| #endif
| #ifdef STDC_HEADERS
| # include <stdlib.h>
| # include <stddef.h>
| #else
| # ifdef HAVE_STDLIB_H
| #  include <stdlib.h>
| # endif
| #endif
| #ifdef HAVE_STRING_H
| # if !defined STDC_HEADERS && defined HAVE_MEMORY_H
| #  include <memory.h>
| # endif
| # include <string.h>
| #endif
| #ifdef HAVE_STRINGS_H
| # include <strings.h>
| #endif
| #ifdef HAVE_INTTYPES_H
| # include <inttypes.h>
| #endif
| #ifdef HAVE_STDINT_H
| # include <stdint.h>
| #endif
| #ifdef HAVE_UNISTD_H
| # include <unistd.h>
| #endif
| int
| main ()
| {
| if (sizeof ((size_t)))
| 	    return 0;
|   ;
|   return 0;
| }
configure:5862: result: yes
configure:5873: checking for ssize_t
configure:5873: gcc -c  -O2   conftest.c >&5
configure:5873: $? = 0
configure:5873: gcc -c  -O2   conftest.c >&5
conftest.c: In function 'main':
conftest.c:73:22: error: expected expression before ')' token
 if (sizeof ((ssize_t)))
                      ^
configure:5873: $? = 1
configure: failed program was:
| /* confdefs.h */
| #define PACKAGE_NAME "Iperf"
| #define PACKAGE_TARNAME "iperf"
| #define PACKAGE_VERSION "2.0.9"
| #define PACKAGE_STRING "Iperf 2.0.9"
| #define PACKAGE_BUGREPORT ""
| #define PACKAGE_URL ""
| #define PACKAGE "iperf"
| #define VERSION "2.0.9"
| #define HAVE_LIBRT 1
| #define HAVE_PTHREAD 1
| #define HAVE_POSIX_THREAD 1
| #define _REENTRANT 1
| #define STDC_HEADERS 1
| #define HAVE_SYS_TYPES_H 1
| #define HAVE_SYS_STAT_H 1
| #define HAVE_STDLIB_H 1
| #define HAVE_STRING_H 1
| #define HAVE_MEMORY_H 1
| #define HAVE_STRINGS_H 1
| #define HAVE_INTTYPES_H 1
| #define HAVE_STDINT_H 1
| #define HAVE_UNISTD_H 1
| #define HAVE_ARPA_INET_H 1
| #define HAVE_LIBINTL_H 1
| #define HAVE_NETDB_H 1
| #define HAVE_NETINET_IN_H 1
| #define HAVE_STDLIB_H 1
| #define HAVE_STRING_H 1
| #define HAVE_STRINGS_H 1
| #define HAVE_SYS_SOCKET_H 1
| #define HAVE_SYS_TIME_H 1
| #define HAVE_SYSLOG_H 1
| #define HAVE_UNISTD_H 1
| #define HAVE_SIGNAL_H 1
| /* end confdefs.h.  */
| #include <stdio.h>
| #ifdef HAVE_SYS_TYPES_H
| # include <sys/types.h>
| #endif
| #ifdef HAVE_SYS_STAT_H
| # include <sys/stat.h>
| #endif
| #ifdef STDC_HEADERS
| # include <stdlib.h>
| # include <stddef.h>
| #else
| # ifdef HAVE_STDLIB_H
| #  include <stdlib.h>
| # endif
| #endif
| #ifdef HAVE_STRING_H
| # if !defined STDC_HEADERS && defined HAVE_MEMORY_H
| #  include <memory.h>
| # endif
| # include <string.h>
| #endif
| #ifdef HAVE_STRINGS_H
| # include <strings.h>
| #endif
| #ifdef HAVE_INTTYPES_H
| # include <inttypes.h>
| #endif
| #ifdef HAVE_STDINT_H
| # include <stdint.h>
| #endif
| #ifdef HAVE_UNISTD_H
| # include <unistd.h>
| #endif
| int
| main ()
| {
| if (sizeof ((ssize_t)))
| 	    return 0;
|   ;
|   return 0;
| }
configure:5873: result: yes
configure:5888: checking whether time.h and sys/time.h may both be included
configure:5908: gcc -c  -O2   conftest.c >&5
configure:5908: $? = 0
configure:5915: result: yes
configure:5923: checking whether struct tm is in sys/time.h or time.h
configure:5943: gcc -c  -O2   conftest.c >&5
configure:5943: $? = 0
configure:5950: result: time.h
configure:5960: checking for stdint types
configure:5983: gcc -c   conftest.c >&5
configure:5983: $? = 0
configure:6008: result: stdint.h (shortcircuit)
configure:6393: result: make use of stdint.h in include/iperf-int.h (assuming C99 compatible system)
configure:6402: checking 3rd argument of accept
configure:6431: g++ -c  -O2   conftest.cpp >&5
configure:6431: $? = 0
configure:6594: result: socklen_t
configure:6607: checking for pid_t
configure:6607: gcc -c  -O2   conftest.c >&5
configure:6607: $? = 0
configure:6607: gcc -c  -O2   conftest.c >&5
conftest.c: In function 'main':
conftest.c:76:20: error: expected expression before ')' token
 if (sizeof ((pid_t)))
                    ^
configure:6607: $? = 1
configure: failed program was:
| /* confdefs.h */
| #define PACKAGE_NAME "Iperf"
| #define PACKAGE_TARNAME "iperf"
| #define PACKAGE_VERSION "2.0.9"
| #define PACKAGE_STRING "Iperf 2.0.9"
| #define PACKAGE_BUGREPORT ""
| #define PACKAGE_URL ""
| #define PACKAGE "iperf"
| #define VERSION "2.0.9"
| #define HAVE_LIBRT 1
| #define HAVE_PTHREAD 1
| #define HAVE_POSIX_THREAD 1
| #define _REENTRANT 1
| #define STDC_HEADERS 1
| #define HAVE_SYS_TYPES_H 1
| #define HAVE_SYS_STAT_H 1
| #define HAVE_STDLIB_H 1
| #define HAVE_STRING_H 1
| #define HAVE_MEMORY_H 1
| #define HAVE_STRINGS_H 1
| #define HAVE_INTTYPES_H 1
| #define HAVE_STDINT_H 1
| #define HAVE_UNISTD_H 1
| #define HAVE_ARPA_INET_H 1
| #define HAVE_LIBINTL_H 1
| #define HAVE_NETDB_H 1
| #define HAVE_NETINET_IN_H 1
| #define HAVE_STDLIB_H 1
| #define HAVE_STRING_H 1
| #define HAVE_STRINGS_H 1
| #define HAVE_SYS_SOCKET_H 1
| #define HAVE_SYS_TIME_H 1
| #define HAVE_SYSLOG_H 1
| #define HAVE_UNISTD_H 1
| #define HAVE_SIGNAL_H 1
| #define HAVE_SSIZE_T 1
| #define TIME_WITH_SYS_TIME 1
| #define Socklen_t socklen_t
| /* end confdefs.h.  */
| #include <stdio.h>
| #ifdef HAVE_SYS_TYPES_H
| # include <sys/types.h>
| #endif
| #ifdef HAVE_SYS_STAT_H
| # include <sys/stat.h>
| #endif
| #ifdef STDC_HEADERS
| # include <stdlib.h>
| # include <stddef.h>
| #else
| # ifdef HAVE_STDLIB_H
| #  include <stdlib.h>
| # endif
| #endif
| #ifdef HAVE_STRING_H
| # if !defined STDC_HEADERS && defined HAVE_MEMORY_H
| #  include <memory.h>
| # endif
| # include <string.h>
| #endif
| #ifdef HAVE_STRINGS_H
| # include <strings.h>
| #endif
| #ifdef HAVE_INTTYPES_H
| # include <inttypes.h>
| #endif
| #ifdef HAVE_STDINT_H
| # include <stdint.h>
| #endif
| #ifdef HAVE_UNISTD_H
| # include <unistd.h>
| #endif
| int
| main ()
| {
| if (sizeof ((pid_t)))
| 	    return 0;
|   ;
|   return 0;
| }
configure:6607: result: yes
configure:6620: checking vfork.h usability
configure:6620: gcc -c  -O2   conftest.c >&5
conftest.c:73:10: fatal error: vfork.h: No such file or directory
 #include <vfork.h>
          ^~~~~~~~~
compilation terminated.
configure:6620: $? = 1
configure: failed program was:
| /* confdefs.h */
| #define PACKAGE_NAME "Iperf"
| #define PACKAGE_TARNAME "iperf"
| #define PACKAGE_VERSION "2.0.9"
| #define PACKAGE_STRING "Iperf 2.0.9"
| #define PACKAGE_BUGREPORT ""
| #define PACKAGE_URL ""
| #define PACKAGE "iperf"
| #define VERSION "2.0.9"
| #define HAVE_LIBRT 1
| #define HAVE_PTHREAD 1
| #define HAVE_POSIX_THREAD 1
| #define _REENTRANT 1
| #define STDC_HEADERS 1
| #define HAVE_SYS_TYPES_H 1
| #define HAVE_SYS_STAT_H 1
| #define HAVE_STDLIB_H 1
| #define HAVE_STRING_H 1
| #define HAVE_MEMORY_H 1
| #define HAVE_STRINGS_H 1
| #define HAVE_INTTYPES_H 1
| #define HAVE_STDINT_H 1
| #define HAVE_UNISTD_H 1
| #define HAVE_ARPA_INET_H 1
| #define HAVE_LIBINTL_H 1
| #define HAVE_NETDB_H 1
| #define HAVE_NETINET_IN_H 1
| #define HAVE_STDLIB_H 1
| #define HAVE_STRING_H 1
| #define HAVE_STRINGS_H 1
| #define HAVE_SYS_SOCKET_H 1
| #define HAVE_SYS_TIME_H 1
| #define HAVE_SYSLOG_H 1
| #define HAVE_UNISTD_H 1
| #define HAVE_SIGNAL_H 1
| #define HAVE_SSIZE_T 1
| #define TIME_WITH_SYS_TIME 1
| #define Socklen_t socklen_t
| /* end confdefs.h.  */
| #include <stdio.h>
| #ifdef HAVE_SYS_TYPES_H
| # include <sys/types.h>
| #endif
| #ifdef HAVE_SYS_STAT_H
| # include <sys/stat.h>
| #endif
| #ifdef STDC_HEADERS
| # include <stdlib.h>
| # include <stddef.h>
| #else
| # ifdef HAVE_STDLIB_H
| #  include <stdlib.h>
| # endif
| #endif
| #ifdef HAVE_STRING_H
| # if !defined STDC_HEADERS && defined HAVE_MEMORY_H
| #  include <memory.h>
| # endif
| # include <string.h>
| #endif
| #ifdef HAVE_STRINGS_H
| # include <strings.h>
| #endif
| #ifdef HAVE_INTTYPES_H
| # include <inttypes.h>
| #endif
| #ifdef HAVE_STDINT_H
| # include <stdint.h>
| #endif
| #ifdef HAVE_UNISTD_H
| # include <unistd.h>
| #endif
| #include <vfork.h>
configure:6620: result: no
configure:6620: checking vfork.h presence
configure:6620: gcc -E  conftest.c
conftest.c:40:10: fatal error: vfork.h: No such file or directory
 #include <vfork.h>
          ^~~~~~~~~
compilation terminated.
configure:6620: $? = 1
configure: failed program was:
| /* confdefs.h */
| #define PACKAGE_NAME "Iperf"
| #define PACKAGE_TARNAME "iperf"
| #define PACKAGE_VERSION "2.0.9"
| #define PACKAGE_STRING "Iperf 2.0.9"
| #define PACKAGE_BUGREPORT ""
| #define PACKAGE_URL ""
| #define PACKAGE "iperf"
| #define VERSION "2.0.9"
| #define HAVE_LIBRT 1
| #define HAVE_PTHREAD 1
| #define HAVE_POSIX_THREAD 1
| #define _REENTRANT 1
| #define STDC_HEADERS 1
| #define HAVE_SYS_TYPES_H 1
| #define HAVE_SYS_STAT_H 1
| #define HAVE_STDLIB_H 1
| #define HAVE_STRING_H 1
| #define HAVE_MEMORY_H 1
| #define HAVE_STRINGS_H 1
| #define HAVE_INTTYPES_H 1
| #define HAVE_STDINT_H 1
| #define HAVE_UNISTD_H 1
| #define HAVE_ARPA_INET_H 1
| #define HAVE_LIBINTL_H 1
| #define HAVE_NETDB_H 1
| #define HAVE_NETINET_IN_H 1
| #define HAVE_STDLIB_H 1
| #define HAVE_STRING_H 1
| #define HAVE_STRINGS_H 1
| #define HAVE_SYS_SOCKET_H 1
| #define HAVE_SYS_TIME_H 1
| #define HAVE_SYSLOG_H 1
| #define HAVE_UNISTD_H 1
| #define HAVE_SIGNAL_H 1
| #define HAVE_SSIZE_T 1
| #define TIME_WITH_SYS_TIME 1
| #define Socklen_t socklen_t
| /* end confdefs.h.  */
| #include <vfork.h>
configure:6620: result: no
configure:6620: checking for vfork.h
configure:6620: result: no
configure:6633: checking for fork
configure:6633: gcc -o conftest  -O2    conftest.c -lrt  >&5
conftest.c:63:6: warning: conflicting types for built-in function 'fork' [-Wbuiltin-declaration-mismatch]
 char fork ();
      ^~~~
configure:6633: $? = 0
configure:6633: result: yes
configure:6633: checking for vfork
configure:6633: gcc -o conftest  -O2    conftest.c -lrt  >&5
configure:6633: $? = 0
configure:6633: result: yes
configure:6643: checking for working fork
configure:6665: gcc -o conftest  -O2    conftest.c -lrt  >&5
configure:6665: $? = 0
configure:6665: ./conftest
configure:6665: $? = 0
configure:6675: result: yes
configure:6696: checking for working vfork
configure:6806: result: yes
configure:6831: checking for working memcmp
configure:6874: gcc -o conftest  -O2    conftest.c -lrt  >&5
configure:6874: $? = 0
configure:6874: ./conftest
configure:6874: $? = 0
configure:6884: result: yes
configure:6896: checking sys/select.h usability
configure:6896: gcc -c  -O2   conftest.c >&5
configure:6896: $? = 0
configure:6896: result: yes
configure:6896: checking sys/select.h presence
configure:6896: gcc -E  conftest.c
configure:6896: $? = 0
configure:6896: result: yes
configure:6896: checking for sys/select.h
configure:6896: result: yes
configure:6896: checking for sys/socket.h
configure:6896: result: yes
configure:6906: checking types of arguments for select
configure:6934: gcc -c  -O2   conftest.c >&5
configure:6934: $? = 0
configure:6945: result: int,fd_set *,struct timeval *
configure:6968: checking return type of signal handlers
configure:6986: gcc -c  -O2   conftest.c >&5
conftest.c: In function 'main':
conftest.c:55:10: error: void value not ignored as it ought to be
 return *(signal (0, 0)) (0) == 1;
         ~^~~~~~~~~~~~~~~~~~
configure:6986: $? = 1
configure: failed program was:
| /* confdefs.h */
| #define PACKAGE_NAME "Iperf"
| #define PACKAGE_TARNAME "iperf"
| #define PACKAGE_VERSION "2.0.9"
| #define PACKAGE_STRING "Iperf 2.0.9"
| #define PACKAGE_BUGREPORT ""
| #define PACKAGE_URL ""
| #define PACKAGE "iperf"
| #define VERSION "2.0.9"
| #define HAVE_LIBRT 1
| #define HAVE_PTHREAD 1
| #define HAVE_POSIX_THREAD 1
| #define _REENTRANT 1
| #define STDC_HEADERS 1
| #define HAVE_SYS_TYPES_H 1
| #define HAVE_SYS_STAT_H 1
| #define HAVE_STDLIB_H 1
| #define HAVE_STRING_H 1
| #define HAVE_MEMORY_H 1
| #define HAVE_STRINGS_H 1
| #define HAVE_INTTYPES_H 1
| #define HAVE_STDINT_H 1
| #define HAVE_UNISTD_H 1
| #define HAVE_ARPA_INET_H 1
| #define HAVE_LIBINTL_H 1
| #define HAVE_NETDB_H 1
| #define HAVE_NETINET_IN_H 1
| #define HAVE_STDLIB_H 1
| #define HAVE_STRING_H 1
| #define HAVE_STRINGS_H 1
| #define HAVE_SYS_SOCKET_H 1
| #define HAVE_SYS_TIME_H 1
| #define HAVE_SYSLOG_H 1
| #define HAVE_UNISTD_H 1
| #define HAVE_SIGNAL_H 1
| #define HAVE_SSIZE_T 1
| #define TIME_WITH_SYS_TIME 1
| #define Socklen_t socklen_t
| #define HAVE_FORK 1
| #define HAVE_VFORK 1
| #define HAVE_WORKING_VFORK 1
| #define HAVE_WORKING_FORK 1
| #define HAVE_SYS_SELECT_H 1
| #define HAVE_SYS_SOCKET_H 1
| #define SELECT_TYPE_ARG1 int
| #define SELECT_TYPE_ARG234 (fd_set *)
| #define SELECT_TYPE_ARG5 (struct timeval *)
| /* end confdefs.h.  */
| #include <sys/types.h>
| #include <signal.h>
| 
| int
| main ()
| {
| return *(signal (0, 0)) (0) == 1;
|   ;
|   return 0;
| }
configure:6993: result: void
configure:7003: checking for strftime
configure:7003: gcc -o conftest  -O2    conftest.c -lrt  >&5
conftest.c:73:6: warning: conflicting types for built-in function 'strftime' [-Wbuiltin-declaration-mismatch]
 char strftime ();
      ^~~~~~~~
configure:7003: $? = 0
configure:7003: result: yes
configure:7058: checking for vprintf
configure:7058: gcc -o conftest  -O2    conftest.c -lrt  >&5
conftest.c:74:6: warning: conflicting types for built-in function 'vprintf' [-Wbuiltin-declaration-mismatch]
 char vprintf ();
      ^~~~~~~
configure:7058: $? = 0
configure:7058: result: yes
configure:7064: checking for _doprnt
configure:7064: gcc -o conftest  -O2    conftest.c -lrt  >&5
/usr/bin/ld: /tmp/ccgD0Mih.o: in function `main':
conftest.c:(.text.startup+0x7): undefined reference to `_doprnt'
collect2: error: ld returned 1 exit status
configure:7064: $? = 1
configure: failed program was:
| /* confdefs.h */
| #define PACKAGE_NAME "Iperf"
| #define PACKAGE_TARNAME "iperf"
| #define PACKAGE_VERSION "2.0.9"
| #define PACKAGE_STRING "Iperf 2.0.9"
| #define PACKAGE_BUGREPORT ""
| #define PACKAGE_URL ""
| #define PACKAGE "iperf"
| #define VERSION "2.0.9"
| #define HAVE_LIBRT 1
| #define HAVE_PTHREAD 1
| #define HAVE_POSIX_THREAD 1
| #define _REENTRANT 1
| #define STDC_HEADERS 1
| #define HAVE_SYS_TYPES_H 1
| #define HAVE_SYS_STAT_H 1
| #define HAVE_STDLIB_H 1
| #define HAVE_STRING_H 1
| #define HAVE_MEMORY_H 1
| #define HAVE_STRINGS_H 1
| #define HAVE_INTTYPES_H 1
| #define HAVE_STDINT_H 1
| #define HAVE_UNISTD_H 1
| #define HAVE_ARPA_INET_H 1
| #define HAVE_LIBINTL_H 1
| #define HAVE_NETDB_H 1
| #define HAVE_NETINET_IN_H 1
| #define HAVE_STDLIB_H 1
| #define HAVE_STRING_H 1
| #define HAVE_STRINGS_H 1
| #define HAVE_SYS_SOCKET_H 1
| #define HAVE_SYS_TIME_H 1
| #define HAVE_SYSLOG_H 1
| #define HAVE_UNISTD_H 1
| #define HAVE_SIGNAL_H 1
| #define HAVE_SSIZE_T 1
| #define TIME_WITH_SYS_TIME 1
| #define Socklen_t socklen_t
| #define HAVE_FORK 1
| #define HAVE_VFORK 1
| #define HAVE_WORKING_VFORK 1
| #define HAVE_WORKING_FORK 1
| #define HAVE_SYS_SELECT_H 1
| #define HAVE_SYS_SOCKET_H 1
| #define SELECT_TYPE_ARG1 int
| #define SELECT_TYPE_ARG234 (fd_set *)
| #define SELECT_TYPE_ARG5 (struct timeval *)
| #define RETSIGTYPE void
| #define HAVE_STRFTIME 1
| #define HAVE_VPRINTF 1
| /* end confdefs.h.  */
| /* Define _doprnt to an innocuous variant, in case <limits.h> declares _doprnt.
|    For example, HP-UX 11i <limits.h> declares gettimeofday.  */
| #define _doprnt innocuous__doprnt
| 
| /* System header to define __stub macros and hopefully few prototypes,
|     which can conflict with char _doprnt (); below.
|     Prefer <limits.h> to <assert.h> if __STDC__ is defined, since
|     <limits.h> exists even on freestanding compilers.  */
| 
| #ifdef __STDC__
| # include <limits.h>
| #else
| # include <assert.h>
| #endif
| 
| #undef _doprnt
| 
| /* Override any GCC internal prototype to avoid an error.
|    Use char because int might match the return type of a GCC
|    builtin and then its argument prototype would still apply.  */
| #ifdef __cplusplus
| extern "C"
| #endif
| char _doprnt ();
| /* The GNU C library defines this for functions which it implements
|     to always fail with ENOSYS.  Some functions are actually named
|     something starting with __ and the normal name is an alias.  */
| #if defined __stub__doprnt || defined __stub____doprnt
| choke me
| #endif
| 
| int
| main ()
| {
| return _doprnt ();
|   ;
|   return 0;
| }
configure:7064: result: no
configure:7078: checking for atexit
configure:7078: gcc -o conftest  -O2    conftest.c -lrt  >&5
configure:7078: $? = 0
configure:7078: result: yes
configure:7078: checking for memset
configure:7078: gcc -o conftest  -O2    conftest.c -lrt  >&5
conftest.c:76:6: warning: conflicting types for built-in function 'memset' [-Wbuiltin-declaration-mismatch]
 char memset ();
      ^~~~~~
configure:7078: $? = 0
configure:7078: result: yes
configure:7078: checking for pthread_cancel
configure:7078: gcc -o conftest  -O2    conftest.c -lrt  >&5
/usr/bin/ld: /tmp/cckg1t9I.o: in function `main':
conftest.c:(.text.startup+0x7): undefined reference to `pthread_cancel'
collect2: error: ld returned 1 exit status
configure:7078: $? = 1
configure: failed program was:
| /* confdefs.h */
| #define PACKAGE_NAME "Iperf"
| #define PACKAGE_TARNAME "iperf"
| #define PACKAGE_VERSION "2.0.9"
| #define PACKAGE_STRING "Iperf 2.0.9"
| #define PACKAGE_BUGREPORT ""
| #define PACKAGE_URL ""
| #define PACKAGE "iperf"
| #define VERSION "2.0.9"
| #define HAVE_LIBRT 1
| #define HAVE_PTHREAD 1
| #define HAVE_POSIX_THREAD 1
| #define _REENTRANT 1
| #define STDC_HEADERS 1
| #define HAVE_SYS_TYPES_H 1
| #define HAVE_SYS_STAT_H 1
| #define HAVE_STDLIB_H 1
| #define HAVE_STRING_H 1
| #define HAVE_MEMORY_H 1
| #define HAVE_STRINGS_H 1
| #define HAVE_INTTYPES_H 1
| #define HAVE_STDINT_H 1
| #define HAVE_UNISTD_H 1
| #define HAVE_ARPA_INET_H 1
| #define HAVE_LIBINTL_H 1
| #define HAVE_NETDB_H 1
| #define HAVE_NETINET_IN_H 1
| #define HAVE_STDLIB_H 1
| #define HAVE_STRING_H 1
| #define HAVE_STRINGS_H 1
| #define HAVE_SYS_SOCKET_H 1
| #define HAVE_SYS_TIME_H 1
| #define HAVE_SYSLOG_H 1
| #define HAVE_UNISTD_H 1
| #define HAVE_SIGNAL_H 1
| #define HAVE_SSIZE_T 1
| #define TIME_WITH_SYS_TIME 1
| #define Socklen_t socklen_t
| #define HAVE_FORK 1
| #define HAVE_VFORK 1
| #define HAVE_WORKING_VFORK 1
| #define HAVE_WORKING_FORK 1
| #define HAVE_SYS_SELECT_H 1
| #define HAVE_SYS_SOCKET_H 1
| #define SELECT_TYPE_ARG1 int
| #define SELECT_TYPE_ARG234 (fd_set *)
| #define SELECT_TYPE_ARG5 (struct timeval *)
| #define RETSIGTYPE void
| #define HAVE_STRFTIME 1
| #define HAVE_VPRINTF 1
| #define HAVE_ATEXIT 1
| #define HAVE_MEMSET 1
| /* end confdefs.h.  */
| /* Define pthread_cancel to an innocuous variant, in case <limits.h> declares pthread_cancel.
|    For example, HP-UX 11i <limits.h> declares gettimeofday.  */
| #define pthread_cancel innocuous_pthread_cancel
| 
| /* System header to define __stub macros and hopefully few prototypes,
|     which can conflict with char pthread_cancel (); below.
|     Prefer <limits.h> to <assert.h> if __STDC__ is defined, since
|     <limits.h> exists even on freestanding compilers.  */
| 
| #ifdef __STDC__
| # include <limits.h>
| #else
| # include <assert.h>
| #endif
| 
| #undef pthread_cancel
| 
| /* Override any GCC internal prototype to avoid an error.
|    Use char because int might match the return type of a GCC
|    builtin and then its argument prototype would still apply.  */
| #ifdef __cplusplus
| extern "C"
| #endif
| char pthread_cancel ();
| /* The GNU C library defines this for functions which it implements
|     to always fail with ENOSYS.  Some functions are actually named
|     something starting with __ and the normal name is an alias.  */
| #if defined __stub_pthread_cancel || defined __stub___pthread_cancel
| choke me
| #endif
| 
| int
| main ()
| {
| return pthread_cancel ();
|   ;
|   return 0;
| }
configure:7078: result: no
configure:7078: checking for select
configure:7078: gcc -o conftest  -O2    conftest.c -lrt  >&5
configure:7078: $? = 0
configure:7078: result: yes
configure:7078: checking for strchr
configure:7078: gcc -o conftest  -O2    conftest.c -lrt  >&5
conftest.c:78:6: warning: conflicting types for built-in function 'strchr' [-Wbuiltin-declaration-mismatch]
 char strchr ();
      ^~~~~~
configure:7078: $? = 0
configure:7078: result: yes
configure:7078: checking for strerror
configure:7078: gcc -o conftest  -O2    conftest.c -lrt  >&5
configure:7078: $? = 0
configure:7078: result: yes
configure:7078: checking for strtol
configure:7078: gcc -o conftest  -O2    conftest.c -lrt  >&5
configure:7078: $? = 0
configure:7078: result: yes
configure:7078: checking for usleep
configure:7078: gcc -o conftest  -O2    conftest.c -lrt  >&5
configure:7078: $? = 0
configure:7078: result: yes
configure:7078: checking for clock_gettime
configure:7078: gcc -o conftest  -O2    conftest.c -lrt  >&5
configure:7078: $? = 0
configure:7078: result: yes
configure:7078: checking for sched_setscheduler
configure:7078: gcc -o conftest  -O2    conftest.c -lrt  >&5
configure:7078: $? = 0
configure:7078: result: yes
configure:7078: checking for mlockall
configure:7078: gcc -o conftest  -O2    conftest.c -lrt  >&5
configure:7078: $? = 0
configure:7078: result: yes
configure:7078: checking for setitimer
configure:7078: gcc -o conftest  -O2    conftest.c -lrt  >&5
configure:7078: $? = 0
configure:7078: result: yes
configure:7078: checking for nanosleep
configure:7078: gcc -o conftest  -O2    conftest.c -lrt  >&5
configure:7078: $? = 0
configure:7078: result: yes
configure:7087: checking for snprintf
configure:7087: gcc -o conftest  -O2    conftest.c -lrt  >&5
conftest.c:87:6: warning: conflicting types for built-in function 'snprintf' [-Wbuiltin-declaration-mismatch]
 char snprintf ();
      ^~~~~~~~
configure:7087: $? = 0
configure:7087: result: yes
configure:7100: checking for inet_pton
configure:7100: gcc -o conftest  -O2    conftest.c -lrt  >&5
configure:7100: $? = 0
configure:7100: result: yes
configure:7113: checking for inet_ntop
configure:7113: gcc -o conftest  -O2    conftest.c -lrt  >&5
configure:7113: $? = 0
configure:7113: result: yes
configure:7126: checking for gettimeofday
configure:7126: gcc -o conftest  -O2    conftest.c -lrt  >&5
configure:7126: $? = 0
configure:7126: result: yes
configure:7140: checking whether ENOBUFS is declared
configure:7140: gcc -c  -O2   conftest.c >&5
configure:7140: $? = 0
configure:7140: result: yes
configure:7151: checking whether EWOULDBLOCK is declared
configure:7151: gcc -c  -O2   conftest.c >&5
configure:7151: $? = 0
configure:7151: result: yes
configure:7163: checking whether SO_TIMESTAMP is declared
configure:7163: gcc -c  -O2   conftest.c >&5
configure:7163: $? = 0
configure:7163: result: yes
configure:7174: checking whether SO_SNDTIMEO is declared
configure:7174: gcc -c  -O2   conftest.c >&5
configure:7174: $? = 0
configure:7174: result: yes
configure:7186: checking whether CPU_SET is declared
configure:7186: gcc -c  -O2   conftest.c >&5
configure:7186: $? = 0
configure:7186: result: yes
configure:7201: checking whether SIGALRM is declared
configure:7201: gcc -c  -O2   conftest.c >&5
configure:7201: $? = 0
configure:7201: result: yes
configure:7213: checking for struct tcp_info.tcpi_total_retrans
configure:7213: gcc -c  -O2   conftest.c >&5
configure:7213: $? = 0
configure:7213: result: yes
configure:7230: checking *printf() support for %lld
configure:7247: gcc -o conftest  -O2    conftest.c -lrt  >&5
conftest.c: In function 'main':
conftest.c:80:25: warning: implicit declaration of function 'strcmp' [-Wimplicit-function-declaration]
                 return (strcmp(buf, "21726587590"));
                         ^~~~~~
configure:7247: $? = 0
configure:7247: ./conftest
configure:7247: $? = 0
configure:7249: result: yes
configure:7313: checking size of bool
configure:7318: gcc -o conftest  -O2    conftest.c -lrt  >&5
conftest.c: In function 'longval':
conftest.c:109:57: error: 'bool' undeclared (first use in this function); did you mean 'atol'?
 static long int longval () { return (long int) (sizeof (bool)); }
                                                         ^~~~
                                                         atol
conftest.c:109:57: note: each undeclared identifier is reported only once for each function it appears in
conftest.c: In function 'ulongval':
conftest.c:110:67: error: 'bool' undeclared (first use in this function); did you mean 'atol'?
 static unsigned long int ulongval () { return (long int) (sizeof (bool)); }
                                                                   ^~~~
                                                                   atol
conftest.c: In function 'main':
conftest.c:120:28: error: 'bool' undeclared (first use in this function); did you mean 'atol'?
   if (((long int) (sizeof (bool))) < 0)
                            ^~~~
                            atol
configure:7318: $? = 1
configure: program exited with status 1
configure: failed program was:
| /* confdefs.h */
| #define PACKAGE_NAME "Iperf"
| #define PACKAGE_TARNAME "iperf"
| #define PACKAGE_VERSION "2.0.9"
| #define PACKAGE_STRING "Iperf 2.0.9"
| #define PACKAGE_BUGREPORT ""
| #define PACKAGE_URL ""
| #define PACKAGE "iperf"
| #define VERSION "2.0.9"
| #define HAVE_LIBRT 1
| #define HAVE_PTHREAD 1
| #define HAVE_POSIX_THREAD 1
| #define _REENTRANT 1
| #define STDC_HEADERS 1
| #define HAVE_SYS_TYPES_H 1
| #define HAVE_SYS_STAT_H 1
| #define HAVE_STDLIB_H 1
| #define HAVE_STRING_H 1
| #define HAVE_MEMORY_H 1
| #define HAVE_STRINGS_H 1
| #define HAVE_INTTYPES_H 1
| #define HAVE_STDINT_H 1
| #define HAVE_UNISTD_H 1
| #define HAVE_ARPA_INET_H 1
| #define HAVE_LIBINTL_H 1
| #define HAVE_NETDB_H 1
| #define HAVE_NETINET_IN_H 1
| #define HAVE_STDLIB_H 1
| #define HAVE_STRING_H 1
| #define HAVE_STRINGS_H 1
| #define HAVE_SYS_SOCKET_H 1
| #define HAVE_SYS_TIME_H 1
| #define HAVE_SYSLOG_H 1
| #define HAVE_UNISTD_H 1
| #define HAVE_SIGNAL_H 1
| #define HAVE_SSIZE_T 1
| #define TIME_WITH_SYS_TIME 1
| #define Socklen_t socklen_t
| #define HAVE_FORK 1
| #define HAVE_VFORK 1
| #define HAVE_WORKING_VFORK 1
| #define HAVE_WORKING_FORK 1
| #define HAVE_SYS_SELECT_H 1
| #define HAVE_SYS_SOCKET_H 1
| #define SELECT_TYPE_ARG1 int
| #define SELECT_TYPE_ARG234 (fd_set *)
| #define SELECT_TYPE_ARG5 (struct timeval *)
| #define RETSIGTYPE void
| #define HAVE_STRFTIME 1
| #define HAVE_VPRINTF 1
| #define HAVE_ATEXIT 1
| #define HAVE_MEMSET 1
| #define HAVE_SELECT 1
| #define HAVE_STRCHR 1
| #define HAVE_STRERROR 1
| #define HAVE_STRTOL 1
| #define HAVE_USLEEP 1
| #define HAVE_CLOCK_GETTIME 1
| #define HAVE_SCHED_SETSCHEDULER 1
| #define HAVE_MLOCKALL 1
| #define HAVE_SETITIMER 1
| #define HAVE_NANOSLEEP 1
| #define HAVE_SNPRINTF 1
| #define HAVE_INET_PTON 1
| #define HAVE_INET_NTOP 1
| #define HAVE_GETTIMEOFDAY 1
| #define HAVE_DECL_ENOBUFS 1
| #define HAVE_DECL_EWOULDBLOCK 1
| #define HAVE_DECL_SO_TIMESTAMP 1
| #define HAVE_DECL_SO_SNDTIMEO 1
| #define HAVE_DECL_CPU_SET 1
| #define HAVE_DECL_SIGALRM 1
| #define HAVE_STRUCT_TCP_INFO_TCPI_TOTAL_RETRANS 1
| #define HAVE_QUAD_SUPPORT 1
| /* end confdefs.h.  */
| #include <stdio.h>
| #ifdef HAVE_SYS_TYPES_H
| # include <sys/types.h>
| #endif
| #ifdef HAVE_SYS_STAT_H
| # include <sys/stat.h>
| #endif
| #ifdef STDC_HEADERS
| # include <stdlib.h>
| # include <stddef.h>
| #else
| # ifdef HAVE_STDLIB_H
| #  include <stdlib.h>
| # endif
| #endif
| #ifdef HAVE_STRING_H
| # if !defined STDC_HEADERS && defined HAVE_MEMORY_H
| #  include <memory.h>
| # endif
| # include <string.h>
| #endif
| #ifdef HAVE_STRINGS_H
| # include <strings.h>
| #endif
| #ifdef HAVE_INTTYPES_H
| # include <inttypes.h>
| #endif
| #ifdef HAVE_STDINT_H
| # include <stdint.h>
| #endif
| #ifdef HAVE_UNISTD_H
| # include <unistd.h>
| #endif
| static long int longval () { return (long int) (sizeof (bool)); }
| static unsigned long int ulongval () { return (long int) (sizeof (bool)); }
| #include <stdio.h>
| #include <stdlib.h>
| int
| main ()
| {
| 
|   FILE *f = fopen ("conftest.val", "w");
|   if (! f)
|     return 1;
|   if (((long int) (sizeof (bool))) < 0)
|     {
|       long int i = longval ();
|       if (i != ((long int) (sizeof (bool))))
| 	return 1;
|       fprintf (f, "%ld", i);
|     }
|   else
|     {
|       unsigned long int i = ulongval ();
|       if (i != ((long int) (sizeof (bool))))
| 	return 1;
|       fprintf (f, "%lu", i);
|     }
|   /* Do not output a trailing newline, as this causes \r\n confusion
|      on some platforms.  */
|   return ferror (f) || fclose (f) != 0;
| 
|   ;
|   return 0;
| }
configure:7332: result: 0
configure:7347: checking if true is defined
configure:7370: g++ -c  -O2   conftest.cpp >&5
configure:7370: $? = 0
configure:7384: result: yes
configure:7396: checking whether byte ordering is bigendian
configure:7411: gcc -c  -O2   conftest.c >&5
conftest.c:79:9: error: unknown type name 'not'
         not a universal capable compiler
         ^~~
conftest.c:79:15: error: expected '=', ',', ';', 'asm' or '__attribute__' before 'universal'
         not a universal capable compiler
               ^~~~~~~~~
conftest.c:79:15: error: unknown type name 'universal'
configure:7411: $? = 1
configure: failed program was:
| /* confdefs.h */
| #define PACKAGE_NAME "Iperf"
| #define PACKAGE_TARNAME "iperf"
| #define PACKAGE_VERSION "2.0.9"
| #define PACKAGE_STRING "Iperf 2.0.9"
| #define PACKAGE_BUGREPORT ""
| #define PACKAGE_URL ""
| #define PACKAGE "iperf"
| #define VERSION "2.0.9"
| #define HAVE_LIBRT 1
| #define HAVE_PTHREAD 1
| #define HAVE_POSIX_THREAD 1
| #define _REENTRANT 1
| #define STDC_HEADERS 1
| #define HAVE_SYS_TYPES_H 1
| #define HAVE_SYS_STAT_H 1
| #define HAVE_STDLIB_H 1
| #define HAVE_STRING_H 1
| #define HAVE_MEMORY_H 1
| #define HAVE_STRINGS_H 1
| #define HAVE_INTTYPES_H 1
| #define HAVE_STDINT_H 1
| #define HAVE_UNISTD_H 1
| #define HAVE_ARPA_INET_H 1
| #define HAVE_LIBINTL_H 1
| #define HAVE_NETDB_H 1
| #define HAVE_NETINET_IN_H 1
| #define HAVE_STDLIB_H 1
| #define HAVE_STRING_H 1
| #define HAVE_STRINGS_H 1
| #define HAVE_SYS_SOCKET_H 1
| #define HAVE_SYS_TIME_H 1
| #define HAVE_SYSLOG_H 1
| #define HAVE_UNISTD_H 1
| #define HAVE_SIGNAL_H 1
| #define HAVE_SSIZE_T 1
| #define TIME_WITH_SYS_TIME 1
| #define Socklen_t socklen_t
| #define HAVE_FORK 1
| #define HAVE_VFORK 1
| #define HAVE_WORKING_VFORK 1
| #define HAVE_WORKING_FORK 1
| #define HAVE_SYS_SELECT_H 1
| #define HAVE_SYS_SOCKET_H 1
| #define SELECT_TYPE_ARG1 int
| #define SELECT_TYPE_ARG234 (fd_set *)
| #define SELECT_TYPE_ARG5 (struct timeval *)
| #define RETSIGTYPE void
| #define HAVE_STRFTIME 1
| #define HAVE_VPRINTF 1
| #define HAVE_ATEXIT 1
| #define HAVE_MEMSET 1
| #define HAVE_SELECT 1
| #define HAVE_STRCHR 1
| #define HAVE_STRERROR 1
| #define HAVE_STRTOL 1
| #define HAVE_USLEEP 1
| #define HAVE_CLOCK_GETTIME 1
| #define HAVE_SCHED_SETSCHEDULER 1
| #define HAVE_MLOCKALL 1
| #define HAVE_SETITIMER 1
| #define HAVE_NANOSLEEP 1
| #define HAVE_SNPRINTF 1
| #define HAVE_INET_PTON 1
| #define HAVE_INET_NTOP 1
| #define HAVE_GETTIMEOFDAY 1
| #define HAVE_DECL_ENOBUFS 1
| #define HAVE_DECL_EWOULDBLOCK 1
| #define HAVE_DECL_SO_TIMESTAMP 1
| #define HAVE_DECL_SO_SNDTIMEO 1
| #define HAVE_DECL_CPU_SET 1
| #define HAVE_DECL_SIGALRM 1
| #define HAVE_STRUCT_TCP_INFO_TCPI_TOTAL_RETRANS 1
| #define HAVE_QUAD_SUPPORT 1
| #define SIZEOF_BOOL 0
| #define bool int
| /* end confdefs.h.  */
| #ifndef __APPLE_CC__
| 	       not a universal capable compiler
| 	     #endif
| 	     typedef int dummy;
| 
configure:7456: gcc -c  -O2   conftest.c >&5
configure:7456: $? = 0
configure:7474: gcc -c  -O2   conftest.c >&5
conftest.c: In function 'main':
conftest.c:85:4: error: unknown type name 'not'; did you mean 'ino_t'?
    not big endian
    ^~~
    ino_t
conftest.c:85:12: error: expected '=', ',', ';', 'asm' or '__attribute__' before 'endian'
    not big endian
            ^~~~~~
configure:7474: $? = 1
configure: failed program was:
| /* confdefs.h */
| #define PACKAGE_NAME "Iperf"
| #define PACKAGE_TARNAME "iperf"
| #define PACKAGE_VERSION "2.0.9"
| #define PACKAGE_STRING "Iperf 2.0.9"
| #define PACKAGE_BUGREPORT ""
| #define PACKAGE_URL ""
| #define PACKAGE "iperf"
| #define VERSION "2.0.9"
| #define HAVE_LIBRT 1
| #define HAVE_PTHREAD 1
| #define HAVE_POSIX_THREAD 1
| #define _REENTRANT 1
| #define STDC_HEADERS 1
| #define HAVE_SYS_TYPES_H 1
| #define HAVE_SYS_STAT_H 1
| #define HAVE_STDLIB_H 1
| #define HAVE_STRING_H 1
| #define HAVE_MEMORY_H 1
| #define HAVE_STRINGS_H 1
| #define HAVE_INTTYPES_H 1
| #define HAVE_STDINT_H 1
| #define HAVE_UNISTD_H 1
| #define HAVE_ARPA_INET_H 1
| #define HAVE_LIBINTL_H 1
| #define HAVE_NETDB_H 1
| #define HAVE_NETINET_IN_H 1
| #define HAVE_STDLIB_H 1
| #define HAVE_STRING_H 1
| #define HAVE_STRINGS_H 1
| #define HAVE_SYS_SOCKET_H 1
| #define HAVE_SYS_TIME_H 1
| #define HAVE_SYSLOG_H 1
| #define HAVE_UNISTD_H 1
| #define HAVE_SIGNAL_H 1
| #define HAVE_SSIZE_T 1
| #define TIME_WITH_SYS_TIME 1
| #define Socklen_t socklen_t
| #define HAVE_FORK 1
| #define HAVE_VFORK 1
| #define HAVE_WORKING_VFORK 1
| #define HAVE_WORKING_FORK 1
| #define HAVE_SYS_SELECT_H 1
| #define HAVE_SYS_SOCKET_H 1
| #define SELECT_TYPE_ARG1 int
| #define SELECT_TYPE_ARG234 (fd_set *)
| #define SELECT_TYPE_ARG5 (struct timeval *)
| #define RETSIGTYPE void
| #define HAVE_STRFTIME 1
| #define HAVE_VPRINTF 1
| #define HAVE_ATEXIT 1
| #define HAVE_MEMSET 1
| #define HAVE_SELECT 1
| #define HAVE_STRCHR 1
| #define HAVE_STRERROR 1
| #define HAVE_STRTOL 1
| #define HAVE_USLEEP 1
| #define HAVE_CLOCK_GETTIME 1
| #define HAVE_SCHED_SETSCHEDULER 1
| #define HAVE_MLOCKALL 1
| #define HAVE_SETITIMER 1
| #define HAVE_NANOSLEEP 1
| #define HAVE_SNPRINTF 1
| #define HAVE_INET_PTON 1
| #define HAVE_INET_NTOP 1
| #define HAVE_GETTIMEOFDAY 1
| #define HAVE_DECL_ENOBUFS 1
| #define HAVE_DECL_EWOULDBLOCK 1
| #define HAVE_DECL_SO_TIMESTAMP 1
| #define HAVE_DECL_SO_SNDTIMEO 1
| #define HAVE_DECL_CPU_SET 1
| #define HAVE_DECL_SIGALRM 1
| #define HAVE_STRUCT_TCP_INFO_TCPI_TOTAL_RETRANS 1
| #define HAVE_QUAD_SUPPORT 1
| #define SIZEOF_BOOL 0
| #define bool int
| /* end confdefs.h.  */
| #include <sys/types.h>
| 		#include <sys/param.h>
| 
| int
| main ()
| {
| #if BYTE_ORDER != BIG_ENDIAN
| 		 not big endian
| 		#endif
| 
|   ;
|   return 0;
| }
configure:7602: result: no
configure:7623: checking for struct ip_mreq
configure:7623: gcc -c  -O2   conftest.c >&5
configure:7623: $? = 0
configure:7623: gcc -c  -O2   conftest.c >&5
conftest.c: In function 'main':
conftest.c:83:29: error: expected expression before ')' token
 if (sizeof ((struct ip_mreq)))
                             ^
configure:7623: $? = 1
configure: failed program was:
| /* confdefs.h */
| #define PACKAGE_NAME "Iperf"
| #define PACKAGE_TARNAME "iperf"
| #define PACKAGE_VERSION "2.0.9"
| #define PACKAGE_STRING "Iperf 2.0.9"
| #define PACKAGE_BUGREPORT ""
| #define PACKAGE_URL ""
| #define PACKAGE "iperf"
| #define VERSION "2.0.9"
| #define HAVE_LIBRT 1
| #define HAVE_PTHREAD 1
| #define HAVE_POSIX_THREAD 1
| #define _REENTRANT 1
| #define STDC_HEADERS 1
| #define HAVE_SYS_TYPES_H 1
| #define HAVE_SYS_STAT_H 1
| #define HAVE_STDLIB_H 1
| #define HAVE_STRING_H 1
| #define HAVE_MEMORY_H 1
| #define HAVE_STRINGS_H 1
| #define HAVE_INTTYPES_H 1
| #define HAVE_STDINT_H 1
| #define HAVE_UNISTD_H 1
| #define HAVE_ARPA_INET_H 1
| #define HAVE_LIBINTL_H 1
| #define HAVE_NETDB_H 1
| #define HAVE_NETINET_IN_H 1
| #define HAVE_STDLIB_H 1
| #define HAVE_STRING_H 1
| #define HAVE_STRINGS_H 1
| #define HAVE_SYS_SOCKET_H 1
| #define HAVE_SYS_TIME_H 1
| #define HAVE_SYSLOG_H 1
| #define HAVE_UNISTD_H 1
| #define HAVE_SIGNAL_H 1
| #define HAVE_SSIZE_T 1
| #define TIME_WITH_SYS_TIME 1
| #define Socklen_t socklen_t
| #define HAVE_FORK 1
| #define HAVE_VFORK 1
| #define HAVE_WORKING_VFORK 1
| #define HAVE_WORKING_FORK 1
| #define HAVE_SYS_SELECT_H 1
| #define HAVE_SYS_SOCKET_H 1
| #define SELECT_TYPE_ARG1 int
| #define SELECT_TYPE_ARG234 (fd_set *)
| #define SELECT_TYPE_ARG5 (struct timeval *)
| #define RETSIGTYPE void
| #define HAVE_STRFTIME 1
| #define HAVE_VPRINTF 1
| #define HAVE_ATEXIT 1
| #define HAVE_MEMSET 1
| #define HAVE_SELECT 1
| #define HAVE_STRCHR 1
| #define HAVE_STRERROR 1
| #define HAVE_STRTOL 1
| #define HAVE_USLEEP 1
| #define HAVE_CLOCK_GETTIME 1
| #define HAVE_SCHED_SETSCHEDULER 1
| #define HAVE_MLOCKALL 1
| #define HAVE_SETITIMER 1
| #define HAVE_NANOSLEEP 1
| #define HAVE_SNPRINTF 1
| #define HAVE_INET_PTON 1
| #define HAVE_INET_NTOP 1
| #define HAVE_GETTIMEOFDAY 1
| #define HAVE_DECL_ENOBUFS 1
| #define HAVE_DECL_EWOULDBLOCK 1
| #define HAVE_DECL_SO_TIMESTAMP 1
| #define HAVE_DECL_SO_SNDTIMEO 1
| #define HAVE_DECL_CPU_SET 1
| #define HAVE_DECL_SIGALRM 1
| #define HAVE_STRUCT_TCP_INFO_TCPI_TOTAL_RETRANS 1
| #define HAVE_QUAD_SUPPORT 1
| #define SIZEOF_BOOL 0
| #define bool int
| /* end confdefs.h.  */
| #include "compat/headers_slim.h"
| 
| int
| main ()
| {
| if (sizeof ((struct ip_mreq)))
| 	    return 0;
|   ;
|   return 0;
| }
configure:7623: result: yes
configure:7634: checking whether IP_ADD_MEMBERSHIP is declared
configure:7634: gcc -c  -O2   conftest.c >&5
configure:7634: $? = 0
configure:7634: result: yes
configure:7646: checking for multicast support
configure:7654: result: yes
configure:7664: checking for struct sockaddr_storage
configure:7664: gcc -c  -O2   conftest.c >&5
configure:7664: $? = 0
configure:7664: gcc -c  -O2   conftest.c >&5
conftest.c: In function 'main':
conftest.c:86:38: error: expected expression before ')' token
 if (sizeof ((struct sockaddr_storage)))
                                      ^
configure:7664: $? = 1
configure: failed program was:
| /* confdefs.h */
| #define PACKAGE_NAME "Iperf"
| #define PACKAGE_TARNAME "iperf"
| #define PACKAGE_VERSION "2.0.9"
| #define PACKAGE_STRING "Iperf 2.0.9"
| #define PACKAGE_BUGREPORT ""
| #define PACKAGE_URL ""
| #define PACKAGE "iperf"
| #define VERSION "2.0.9"
| #define HAVE_LIBRT 1
| #define HAVE_PTHREAD 1
| #define HAVE_POSIX_THREAD 1
| #define _REENTRANT 1
| #define STDC_HEADERS 1
| #define HAVE_SYS_TYPES_H 1
| #define HAVE_SYS_STAT_H 1
| #define HAVE_STDLIB_H 1
| #define HAVE_STRING_H 1
| #define HAVE_MEMORY_H 1
| #define HAVE_STRINGS_H 1
| #define HAVE_INTTYPES_H 1
| #define HAVE_STDINT_H 1
| #define HAVE_UNISTD_H 1
| #define HAVE_ARPA_INET_H 1
| #define HAVE_LIBINTL_H 1
| #define HAVE_NETDB_H 1
| #define HAVE_NETINET_IN_H 1
| #define HAVE_STDLIB_H 1
| #define HAVE_STRING_H 1
| #define HAVE_STRINGS_H 1
| #define HAVE_SYS_SOCKET_H 1
| #define HAVE_SYS_TIME_H 1
| #define HAVE_SYSLOG_H 1
| #define HAVE_UNISTD_H 1
| #define HAVE_SIGNAL_H 1
| #define HAVE_SSIZE_T 1
| #define TIME_WITH_SYS_TIME 1
| #define Socklen_t socklen_t
| #define HAVE_FORK 1
| #define HAVE_VFORK 1
| #define HAVE_WORKING_VFORK 1
| #define HAVE_WORKING_FORK 1
| #define HAVE_SYS_SELECT_H 1
| #define HAVE_SYS_SOCKET_H 1
| #define SELECT_TYPE_ARG1 int
| #define SELECT_TYPE_ARG234 (fd_set *)
| #define SELECT_TYPE_ARG5 (struct timeval *)
| #define RETSIGTYPE void
| #define HAVE_STRFTIME 1
| #define HAVE_VPRINTF 1
| #define HAVE_ATEXIT 1
| #define HAVE_MEMSET 1
| #define HAVE_SELECT 1
| #define HAVE_STRCHR 1
| #define HAVE_STRERROR 1
| #define HAVE_STRTOL 1
| #define HAVE_USLEEP 1
| #define HAVE_CLOCK_GETTIME 1
| #define HAVE_SCHED_SETSCHEDULER 1
| #define HAVE_MLOCKALL 1
| #define HAVE_SETITIMER 1
| #define HAVE_NANOSLEEP 1
| #define HAVE_SNPRINTF 1
| #define HAVE_INET_PTON 1
| #define HAVE_INET_NTOP 1
| #define HAVE_GETTIMEOFDAY 1
| #define HAVE_DECL_ENOBUFS 1
| #define HAVE_DECL_EWOULDBLOCK 1
| #define HAVE_DECL_SO_TIMESTAMP 1
| #define HAVE_DECL_SO_SNDTIMEO 1
| #define HAVE_DECL_CPU_SET 1
| #define HAVE_DECL_SIGALRM 1
| #define HAVE_STRUCT_TCP_INFO_TCPI_TOTAL_RETRANS 1
| #define HAVE_QUAD_SUPPORT 1
| #define SIZEOF_BOOL 0
| #define bool int
| #define HAVE_STRUCT_IP_MREQ 1
| #define HAVE_DECL_IP_ADD_MEMBERSHIP 1
| #define HAVE_MULTICAST 1
| /* end confdefs.h.  */
| #include "compat/headers_slim.h"
| 
| int
| main ()
| {
| if (sizeof ((struct sockaddr_storage)))
| 	    return 0;
|   ;
|   return 0;
| }
configure:7664: result: yes
configure:7675: checking for struct sockaddr_in6
configure:7675: gcc -c  -O2   conftest.c >&5
configure:7675: $? = 0
configure:7675: gcc -c  -O2   conftest.c >&5
conftest.c: In function 'main':
conftest.c:87:34: error: expected expression before ')' token
 if (sizeof ((struct sockaddr_in6)))
                                  ^
configure:7675: $? = 1
configure: failed program was:
| /* confdefs.h */
| #define PACKAGE_NAME "Iperf"
| #define PACKAGE_TARNAME "iperf"
| #define PACKAGE_VERSION "2.0.9"
| #define PACKAGE_STRING "Iperf 2.0.9"
| #define PACKAGE_BUGREPORT ""
| #define PACKAGE_URL ""
| #define PACKAGE "iperf"
| #define VERSION "2.0.9"
| #define HAVE_LIBRT 1
| #define HAVE_PTHREAD 1
| #define HAVE_POSIX_THREAD 1
| #define _REENTRANT 1
| #define STDC_HEADERS 1
| #define HAVE_SYS_TYPES_H 1
| #define HAVE_SYS_STAT_H 1
| #define HAVE_STDLIB_H 1
| #define HAVE_STRING_H 1
| #define HAVE_MEMORY_H 1
| #define HAVE_STRINGS_H 1
| #define HAVE_INTTYPES_H 1
| #define HAVE_STDINT_H 1
| #define HAVE_UNISTD_H 1
| #define HAVE_ARPA_INET_H 1
| #define HAVE_LIBINTL_H 1
| #define HAVE_NETDB_H 1
| #define HAVE_NETINET_IN_H 1
| #define HAVE_STDLIB_H 1
| #define HAVE_STRING_H 1
| #define HAVE_STRINGS_H 1
| #define HAVE_SYS_SOCKET_H 1
| #define HAVE_SYS_TIME_H 1
| #define HAVE_SYSLOG_H 1
| #define HAVE_UNISTD_H 1
| #define HAVE_SIGNAL_H 1
| #define HAVE_SSIZE_T 1
| #define TIME_WITH_SYS_TIME 1
| #define Socklen_t socklen_t
| #define HAVE_FORK 1
| #define HAVE_VFORK 1
| #define HAVE_WORKING_VFORK 1
| #define HAVE_WORKING_FORK 1
| #define HAVE_SYS_SELECT_H 1
| #define HAVE_SYS_SOCKET_H 1
| #define SELECT_TYPE_ARG1 int
| #define SELECT_TYPE_ARG234 (fd_set *)
| #define SELECT_TYPE_ARG5 (struct timeval *)
| #define RETSIGTYPE void
| #define HAVE_STRFTIME 1
| #define HAVE_VPRINTF 1
| #define HAVE_ATEXIT 1
| #define HAVE_MEMSET 1
| #define HAVE_SELECT 1
| #define HAVE_STRCHR 1
| #define HAVE_STRERROR 1
| #define HAVE_STRTOL 1
| #define HAVE_USLEEP 1
| #define HAVE_CLOCK_GETTIME 1
| #define HAVE_SCHED_SETSCHEDULER 1
| #define HAVE_MLOCKALL 1
| #define HAVE_SETITIMER 1
| #define HAVE_NANOSLEEP 1
| #define HAVE_SNPRINTF 1
| #define HAVE_INET_PTON 1
| #define HAVE_INET_NTOP 1
| #define HAVE_GETTIMEOFDAY 1
| #define HAVE_DECL_ENOBUFS 1
| #define HAVE_DECL_EWOULDBLOCK 1
| #define HAVE_DECL_SO_TIMESTAMP 1
| #define HAVE_DECL_SO_SNDTIMEO 1
| #define HAVE_DECL_CPU_SET 1
| #define HAVE_DECL_SIGALRM 1
| #define HAVE_STRUCT_TCP_INFO_TCPI_TOTAL_RETRANS 1
| #define HAVE_QUAD_SUPPORT 1
| #define SIZEOF_BOOL 0
| #define bool int
| #define HAVE_STRUCT_IP_MREQ 1
| #define HAVE_DECL_IP_ADD_MEMBERSHIP 1
| #define HAVE_MULTICAST 1
| #define HAVE_STRUCT_SOCKADDR_STORAGE 1
| /* end confdefs.h.  */
| #include "compat/headers_slim.h"
| 
| int
| main ()
| {
| if (sizeof ((struct sockaddr_in6)))
| 	    return 0;
|   ;
|   return 0;
| }
configure:7675: result: yes
configure:7686: checking whether AF_INET6 is declared
configure:7686: gcc -c  -O2   conftest.c >&5
configure:7686: $? = 0
configure:7686: result: yes
configure:7698: checking for IPv6 headers and structures
configure:7711: result: yes
configure:7717: checking for struct ipv6_mreq
configure:7717: gcc -c  -O2   conftest.c >&5
configure:7717: $? = 0
configure:7717: gcc -c  -O2   conftest.c >&5
conftest.c: In function 'main':
conftest.c:90:31: error: expected expression before ')' token
 if (sizeof ((struct ipv6_mreq)))
                               ^
configure:7717: $? = 1
configure: failed program was:
| /* confdefs.h */
| #define PACKAGE_NAME "Iperf"
| #define PACKAGE_TARNAME "iperf"
| #define PACKAGE_VERSION "2.0.9"
| #define PACKAGE_STRING "Iperf 2.0.9"
| #define PACKAGE_BUGREPORT ""
| #define PACKAGE_URL ""
| #define PACKAGE "iperf"
| #define VERSION "2.0.9"
| #define HAVE_LIBRT 1
| #define HAVE_PTHREAD 1
| #define HAVE_POSIX_THREAD 1
| #define _REENTRANT 1
| #define STDC_HEADERS 1
| #define HAVE_SYS_TYPES_H 1
| #define HAVE_SYS_STAT_H 1
| #define HAVE_STDLIB_H 1
| #define HAVE_STRING_H 1
| #define HAVE_MEMORY_H 1
| #define HAVE_STRINGS_H 1
| #define HAVE_INTTYPES_H 1
| #define HAVE_STDINT_H 1
| #define HAVE_UNISTD_H 1
| #define HAVE_ARPA_INET_H 1
| #define HAVE_LIBINTL_H 1
| #define HAVE_NETDB_H 1
| #define HAVE_NETINET_IN_H 1
| #define HAVE_STDLIB_H 1
| #define HAVE_STRING_H 1
| #define HAVE_STRINGS_H 1
| #define HAVE_SYS_SOCKET_H 1
| #define HAVE_SYS_TIME_H 1
| #define HAVE_SYSLOG_H 1
| #define HAVE_UNISTD_H 1
| #define HAVE_SIGNAL_H 1
| #define HAVE_SSIZE_T 1
| #define TIME_WITH_SYS_TIME 1
| #define Socklen_t socklen_t
| #define HAVE_FORK 1
| #define HAVE_VFORK 1
| #define HAVE_WORKING_VFORK 1
| #define HAVE_WORKING_FORK 1
| #define HAVE_SYS_SELECT_H 1
| #define HAVE_SYS_SOCKET_H 1
| #define SELECT_TYPE_ARG1 int
| #define SELECT_TYPE_ARG234 (fd_set *)
| #define SELECT_TYPE_ARG5 (struct timeval *)
| #define RETSIGTYPE void
| #define HAVE_STRFTIME 1
| #define HAVE_VPRINTF 1
| #define HAVE_ATEXIT 1
| #define HAVE_MEMSET 1
| #define HAVE_SELECT 1
| #define HAVE_STRCHR 1
| #define HAVE_STRERROR 1
| #define HAVE_STRTOL 1
| #define HAVE_USLEEP 1
| #define HAVE_CLOCK_GETTIME 1
| #define HAVE_SCHED_SETSCHEDULER 1
| #define HAVE_MLOCKALL 1
| #define HAVE_SETITIMER 1
| #define HAVE_NANOSLEEP 1
| #define HAVE_SNPRINTF 1
| #define HAVE_INET_PTON 1
| #define HAVE_INET_NTOP 1
| #define HAVE_GETTIMEOFDAY 1
| #define HAVE_DECL_ENOBUFS 1
| #define HAVE_DECL_EWOULDBLOCK 1
| #define HAVE_DECL_SO_TIMESTAMP 1
| #define HAVE_DECL_SO_SNDTIMEO 1
| #define HAVE_DECL_CPU_SET 1
| #define HAVE_DECL_SIGALRM 1
| #define HAVE_STRUCT_TCP_INFO_TCPI_TOTAL_RETRANS 1
| #define HAVE_QUAD_SUPPORT 1
| #define SIZEOF_BOOL 0
| #define bool int
| #define HAVE_STRUCT_IP_MREQ 1
| #define HAVE_DECL_IP_ADD_MEMBERSHIP 1
| #define HAVE_MULTICAST 1
| #define HAVE_STRUCT_SOCKADDR_STORAGE 1
| #define HAVE_STRUCT_SOCKADDR_IN6 1
| #define HAVE_DECL_AF_INET6 1
| #define HAVE_IPV6 1
| /* end confdefs.h.  */
| #include "compat/headers_slim.h"
| 
| int
| main ()
| {
| if (sizeof ((struct ipv6_mreq)))
| 	    return 0;
|   ;
|   return 0;
| }
configure:7717: result: yes
configure:7728: checking whether IPV6_ADD_MEMBERSHIP is declared
configure:7728: gcc -c  -O2   conftest.c >&5
configure:7728: $? = 0
configure:7728: result: yes
configure:7740: checking whether IPV6_MULTICAST_HOPS is declared
configure:7740: gcc -c  -O2   conftest.c >&5
configure:7740: $? = 0
configure:7740: result: yes
configure:7752: checking for IPv6 multicast support
configure:7765: result: yes
configure:7898: checking whether make is GNU make
configure:7905: result: yes
configure:8020: checking that generated files are newer than configure
configure:8026: result: done
configure:8058: creating ./config.status

## ---------------------- ##
## Running config.status. ##
## ---------------------- ##

This file was extended by Iperf config.status 2.0.9, which was
generated by GNU Autoconf 2.69.  Invocation command line was

  CONFIG_FILES    = 
  CONFIG_HEADERS  = 
  CONFIG_LINKS    = 
  CONFIG_COMMANDS = 
  $ ./config.status 

on sigs-amax

config.status:969: creating Makefile
config.status:969: creating compat/Makefile
config.status:969: creating doc/Makefile
config.status:969: creating include/Makefile
config.status:969: creating src/Makefile
config.status:969: creating man/Makefile
config.status:969: creating config.h
config.status:1198: executing depfiles commands
config.status:1198: executing include/iperf-int.h commands
config.status:1299: creating include/iperf-int.h : _IPERF_INCLUDE_IPERF_INT_H

## ---------------- ##
## Cache variables. ##
## ---------------- ##

ac_cv_accept_arg=socklen_t
ac_cv_build=x86_64-unknown-linux-gnu
ac_cv_c_bigendian=no
ac_cv_c_compiler_gnu=yes
ac_cv_c_const=yes
ac_cv_cxx_compiler_gnu=yes
ac_cv_env_CCC_set=
ac_cv_env_CCC_value=
ac_cv_env_CC_set=
ac_cv_env_CC_value=
ac_cv_env_CFLAGS_set=
ac_cv_env_CFLAGS_value=
ac_cv_env_CPPFLAGS_set=
ac_cv_env_CPPFLAGS_value=
ac_cv_env_CPP_set=
ac_cv_env_CPP_value=
ac_cv_env_CXXFLAGS_set=
ac_cv_env_CXXFLAGS_value=
ac_cv_env_CXX_set=
ac_cv_env_CXX_value=
ac_cv_env_LDFLAGS_set=
ac_cv_env_LDFLAGS_value=
ac_cv_env_LIBS_set=
ac_cv_env_LIBS_value=
ac_cv_env_build_alias_set=
ac_cv_env_build_alias_value=
ac_cv_env_host_alias_set=
ac_cv_env_host_alias_value=
ac_cv_env_target_alias_set=
ac_cv_env_target_alias_value=
ac_cv_func__doprnt=no
ac_cv_func_atexit=yes
ac_cv_func_clock_gettime=yes
ac_cv_func_fork=yes
ac_cv_func_fork_works=yes
ac_cv_func_gettimeofday=yes
ac_cv_func_inet_ntop=yes
ac_cv_func_inet_pton=yes
ac_cv_func_memcmp_working=yes
ac_cv_func_memset=yes
ac_cv_func_mlockall=yes
ac_cv_func_nanosleep=yes
ac_cv_func_pthread_cancel=no
ac_cv_func_sched_setscheduler=yes
ac_cv_func_select=yes
ac_cv_func_select_args='int,fd_set *,struct timeval *'
ac_cv_func_setitimer=yes
ac_cv_func_snprintf=yes
ac_cv_func_strchr=yes
ac_cv_func_strerror=yes
ac_cv_func_strftime=yes
ac_cv_func_strtol=yes
ac_cv_func_usleep=yes
ac_cv_func_vfork=yes
ac_cv_func_vfork_works=yes
ac_cv_func_vprintf=yes
ac_cv_have_decl_AF_INET6=yes
ac_cv_have_decl_CPU_SET=yes
ac_cv_have_decl_ENOBUFS=yes
ac_cv_have_decl_EWOULDBLOCK=yes
ac_cv_have_decl_IPV6_ADD_MEMBERSHIP=yes
ac_cv_have_decl_IPV6_MULTICAST_HOPS=yes
ac_cv_have_decl_IP_ADD_MEMBERSHIP=yes
ac_cv_have_decl_SIGALRM=yes
ac_cv_have_decl_SO_SNDTIMEO=yes
ac_cv_have_decl_SO_TIMESTAMP=yes
ac_cv_have_ipv6=yes
ac_cv_have_ipv6_multicast=yes
ac_cv_have_true=yes
ac_cv_header_arpa_inet_h=yes
ac_cv_header_inttypes_h=yes
ac_cv_header_libintl_h=yes
ac_cv_header_memory_h=yes
ac_cv_header_netdb_h=yes
ac_cv_header_netinet_in_h=yes
ac_cv_header_signal_h=yes
ac_cv_header_stdc=yes
ac_cv_header_stdint=stdint.h
ac_cv_header_stdint_h=yes
ac_cv_header_stdint_t=stdint.h
ac_cv_header_stdlib_h=yes
ac_cv_header_string_h=yes
ac_cv_header_strings_h=yes
ac_cv_header_sys_select_h=yes
ac_cv_header_sys_socket_h=yes
ac_cv_header_sys_stat_h=yes
ac_cv_header_sys_time_h=yes
ac_cv_header_sys_types_h=yes
ac_cv_header_syslog_h=yes
ac_cv_header_time=yes
ac_cv_header_unistd_h=yes
ac_cv_header_vfork_h=no
ac_cv_host=x86_64-unknown-linux-gnu
ac_cv_lib_rt_clock_gettime=yes
ac_cv_member_struct_tcp_info_tcpi_total_retrans=yes
ac_cv_multicast=yes
ac_cv_objext=o
ac_cv_path_EGREP='/usr/bin/grep -E'
ac_cv_path_GREP=/usr/bin/grep
ac_cv_path_install='/usr/bin/install -c'
ac_cv_path_mkdir=/usr/bin/mkdir
ac_cv_prog_AWK=gawk
ac_cv_prog_CPP='gcc -E'
ac_cv_prog_PTHREAD_CC=gcc
ac_cv_prog_ac_ct_CC=gcc
ac_cv_prog_ac_ct_CXX=g++
ac_cv_prog_ac_ct_RANLIB=ranlib
ac_cv_prog_cc_c89=
ac_cv_prog_cc_g=yes
ac_cv_prog_cxx_g=yes
ac_cv_prog_make_make_set=yes
ac_cv_search_gethostbyname='none required'
ac_cv_search_socket='none required'
ac_cv_search_strerror='none required'
ac_cv_sizeof_bool=0
ac_cv_stdint_message='using gnu compiler gcc (Ubuntu 7.5.0-6ubuntu2) 7.5.0'
ac_cv_stdint_result='(assuming C99 compatible system)'
ac_cv_struct_tm=time.h
ac_cv_type_pid_t=yes
ac_cv_type_signal=void
ac_cv_type_size_t=yes
ac_cv_type_ssize_t=yes
ac_cv_type_struct_ip_mreq=yes
ac_cv_type_struct_ipv6_mreq=yes
ac_cv_type_struct_sockaddr_in6=yes
ac_cv_type_struct_sockaddr_storage=yes
am_cv_CC_dependencies_compiler_type=gcc3
am_cv_CXX_dependencies_compiler_type=gcc3
am_cv_make_support_nested_variables=yes

## ----------------- ##
## Output variables. ##
## ----------------- ##

ACLOCAL='${SHELL} /home/zhangbochun/tools/iperf-2.0.9/missing aclocal-1.13'
AMDEPBACKSLASH='\'
AMDEP_FALSE='#'
AMDEP_TRUE=''
AMTAR='$${TAR-tar}'
AM_BACKSLASH='\'
AM_DEFAULT_V='$(AM_DEFAULT_VERBOSITY)'
AM_DEFAULT_VERBOSITY='1'
AM_V='$(V)'
AUTOCONF='${SHELL} /home/zhangbochun/tools/iperf-2.0.9/missing autoconf'
AUTOHEADER='${SHELL} /home/zhangbochun/tools/iperf-2.0.9/missing autoheader'
AUTOMAKE='${SHELL} /home/zhangbochun/tools/iperf-2.0.9/missing automake-1.13'
AWK='gawk'
CC='gcc'
CCDEPMODE='depmode=gcc3'
CFLAGS=' -O2 '
CPP='gcc -E'
CPPFLAGS=''
CXX='g++'
CXXDEPMODE='depmode=gcc3'
CXXFLAGS=' -O2 '
CYGPATH_W='echo'
DEFS='-DHAVE_CONFIG_H'
DEPDIR='.deps'
ECHO_C=''
ECHO_N='-n'
ECHO_T=''
EGREP='/usr/bin/grep -E'
EXEEXT=''
GREP='/usr/bin/grep'
INSTALL_DATA='${INSTALL} -m 644'
INSTALL_PROGRAM='${INSTALL}'
INSTALL_SCRIPT='${INSTALL}'
INSTALL_STRIP_PROGRAM='$(install_sh) -c -s'
LDFLAGS=''
LIBOBJS=''
LIBS='-lrt '
LTLIBOBJS=''
MAINT='#'
MAINTAINER_MODE_FALSE=''
MAINTAINER_MODE_TRUE='#'
MAKEINFO='${SHELL} /home/zhangbochun/tools/iperf-2.0.9/missing makeinfo'
MKDIR_P='/usr/bin/mkdir -p'
OBJEXT='o'
PACKAGE='iperf'
PACKAGE_BUGREPORT=''
PACKAGE_NAME='Iperf'
PACKAGE_STRING='Iperf 2.0.9'
PACKAGE_TARNAME='iperf'
PACKAGE_URL=''
PACKAGE_VERSION='2.0.9'
PATH_SEPARATOR=':'
PTHREAD_CC='gcc'
PTHREAD_CFLAGS='-pthread'
PTHREAD_LIBS=''
RANLIB='ranlib'
SET_MAKE=''
SHELL='/bin/bash'
STRIP=''
STRIP_BEGIN='$(strip $(STRIP_DUMMY)'
STRIP_DUMMY=''
STRIP_END=')'
VERSION='2.0.9'
WEB100_CFLAGS=''
WEB100_CONFIG=''
WEB100_LIBS=''
ac_ct_CC='gcc'
ac_ct_CXX='g++'
acx_pthread_config=''
am__EXEEXT_FALSE=''
am__EXEEXT_TRUE='#'
am__fastdepCC_FALSE='#'
am__fastdepCC_TRUE=''
am__fastdepCXX_FALSE='#'
am__fastdepCXX_TRUE=''
am__include='include'
am__isrc=''
am__leading_dot='.'
am__nodep='_no'
am__quote=''
am__tar='$${TAR-tar} chof - "$$tardir"'
am__untar='$${TAR-tar} xf -'
bindir='${exec_prefix}/bin'
build='x86_64-unknown-linux-gnu'
build_alias=''
build_cpu='x86_64'
build_os='linux-gnu'
build_vendor='unknown'
datadir='${datarootdir}'
datarootdir='${prefix}/share'
docdir='${datarootdir}/doc/${PACKAGE_TARNAME}'
dvidir='${docdir}'
exec_prefix='${prefix}'
host='x86_64-unknown-linux-gnu'
host_alias=''
host_cpu='x86_64'
host_os='linux-gnu'
host_vendor='unknown'
htmldir='${docdir}'
includedir='${prefix}/include'
infodir='${datarootdir}/info'
install_sh='${SHELL} /home/zhangbochun/tools/iperf-2.0.9/install-sh'
libdir='${exec_prefix}/lib'
libexecdir='${exec_prefix}/libexec'
localedir='${datarootdir}/locale'
localstatedir='${prefix}/var'
mandir='${datarootdir}/man'
mkdir_p='$(MKDIR_P)'
oldincludedir='/usr/include'
pdfdir='${docdir}'
prefix='/usr/local'
program_transform_name='s,x,x,'
psdir='${docdir}'
sbindir='${exec_prefix}/sbin'
sharedstatedir='${prefix}/com'
sysconfdir='${prefix}/etc'
target_alias=''

## ----------- ##
## confdefs.h. ##
## ----------- ##

/* confdefs.h */
#define PACKAGE_NAME "Iperf"
#define PACKAGE_TARNAME "iperf"
#define PACKAGE_VERSION "2.0.9"
#define PACKAGE_STRING "Iperf 2.0.9"
#define PACKAGE_BUGREPORT ""
#define PACKAGE_URL ""
#define PACKAGE "iperf"
#define VERSION "2.0.9"
#define HAVE_LIBRT 1
#define HAVE_PTHREAD 1
#define HAVE_POSIX_THREAD 1
#define _REENTRANT 1
#define STDC_HEADERS 1
#define HAVE_SYS_TYPES_H 1
#define HAVE_SYS_STAT_H 1
#define HAVE_STDLIB_H 1
#define HAVE_STRING_H 1
#define HAVE_MEMORY_H 1
#define HAVE_STRINGS_H 1
#define HAVE_INTTYPES_H 1
#define HAVE_STDINT_H 1
#define HAVE_UNISTD_H 1
#define HAVE_ARPA_INET_H 1
#define HAVE_LIBINTL_H 1
#define HAVE_NETDB_H 1
#define HAVE_NETINET_IN_H 1
#define HAVE_STDLIB_H 1
#define HAVE_STRING_H 1
#define HAVE_STRINGS_H 1
#define HAVE_SYS_SOCKET_H 1
#define HAVE_SYS_TIME_H 1
#define HAVE_SYSLOG_H 1
#define HAVE_UNISTD_H 1
#define HAVE_SIGNAL_H 1
#define HAVE_SSIZE_T 1
#define TIME_WITH_SYS_TIME 1
#define Socklen_t socklen_t
#define HAVE_FORK 1
#define HAVE_VFORK 1
#define HAVE_WORKING_VFORK 1
#define HAVE_WORKING_FORK 1
#define HAVE_SYS_SELECT_H 1
#define HAVE_SYS_SOCKET_H 1
#define SELECT_TYPE_ARG1 int
#define SELECT_TYPE_ARG234 (fd_set *)
#define SELECT_TYPE_ARG5 (struct timeval *)
#define RETSIGTYPE void
#define HAVE_STRFTIME 1
#define HAVE_VPRINTF 1
#define HAVE_ATEXIT 1
#define HAVE_MEMSET 1
#define HAVE_SELECT 1
#define HAVE_STRCHR 1
#define HAVE_STRERROR 1
#define HAVE_STRTOL 1
#define HAVE_USLEEP 1
#define HAVE_CLOCK_GETTIME 1
#define HAVE_SCHED_SETSCHEDULER 1
#define HAVE_MLOCKALL 1
#define HAVE_SETITIMER 1
#define HAVE_NANOSLEEP 1
#define HAVE_SNPRINTF 1
#define HAVE_INET_PTON 1
#define HAVE_INET_NTOP 1
#define HAVE_GETTIMEOFDAY 1
#define HAVE_DECL_ENOBUFS 1
#define HAVE_DECL_EWOULDBLOCK 1
#define HAVE_DECL_SO_TIMESTAMP 1
#define HAVE_DECL_SO_SNDTIMEO 1
#define HAVE_DECL_CPU_SET 1
#define HAVE_DECL_SIGALRM 1
#define HAVE_STRUCT_TCP_INFO_TCPI_TOTAL_RETRANS 1
#define HAVE_QUAD_SUPPORT 1
#define SIZEOF_BOOL 0
#define bool int
#define HAVE_STRUCT_IP_MREQ 1
#define HAVE_DECL_IP_ADD_MEMBERSHIP 1
#define HAVE_MULTICAST 1
#define HAVE_STRUCT_SOCKADDR_STORAGE 1
#define HAVE_STRUCT_SOCKADDR_IN6 1
#define HAVE_DECL_AF_INET6 1
#define HAVE_IPV6 1
#define HAVE_STRUCT_IPV6_MREQ 1
#define HAVE_DECL_IPV6_ADD_MEMBERSHIP 1
#define HAVE_DECL_IPV6_MULTICAST_HOPS 1
#define HAVE_IPV6_MULTICAST 1
#define HAVE_KALMAN 1

configure: exit 0
